mode: set
github.com/NoTIPswe/notip-simulator-backend/main.go:13.13,20.37 5 0
github.com/NoTIPswe/notip-simulator-backend/main.go:20.37,23.3 2 0
github.com/NoTIPswe/notip-simulator-backend/internal/adapters/clock.go:7.38,9.2 1 1
github.com/NoTIPswe/notip-simulator-backend/internal/adapters/encryptor.go:16.106,18.16 2 1
github.com/NoTIPswe/notip-simulator-backend/internal/adapters/encryptor.go:18.16,20.3 1 0
github.com/NoTIPswe/notip-simulator-backend/internal/adapters/encryptor.go:22.2,23.16 2 1
github.com/NoTIPswe/notip-simulator-backend/internal/adapters/encryptor.go:23.16,25.3 1 0
github.com/NoTIPswe/notip-simulator-backend/internal/adapters/encryptor.go:27.2,28.56 2 1
github.com/NoTIPswe/notip-simulator-backend/internal/adapters/encryptor.go:28.56,30.3 1 0
github.com/NoTIPswe/notip-simulator-backend/internal/adapters/encryptor.go:32.2,43.8 5 1
github.com/NoTIPswe/notip-simulator-backend/internal/adapters/http/anomaly_handler.go:17.79,19.2 1 0
github.com/NoTIPswe/notip-simulator-backend/internal/adapters/http/anomaly_handler.go:21.91,23.16 2 0
github.com/NoTIPswe/notip-simulator-backend/internal/adapters/http/anomaly_handler.go:23.16,26.3 2 0
github.com/NoTIPswe/notip-simulator-backend/internal/adapters/http/anomaly_handler.go:28.2,33.61 3 0
github.com/NoTIPswe/notip-simulator-backend/internal/adapters/http/anomaly_handler.go:33.61,36.3 2 0
github.com/NoTIPswe/notip-simulator-backend/internal/adapters/http/anomaly_handler.go:38.2,38.28 1 0
github.com/NoTIPswe/notip-simulator-backend/internal/adapters/http/anomaly_handler.go:38.28,40.3 1 0
github.com/NoTIPswe/notip-simulator-backend/internal/adapters/http/anomaly_handler.go:42.2,50.77 2 0
github.com/NoTIPswe/notip-simulator-backend/internal/adapters/http/anomaly_handler.go:50.77,53.3 2 0
github.com/NoTIPswe/notip-simulator-backend/internal/adapters/http/anomaly_handler.go:54.2,54.37 1 0
github.com/NoTIPswe/notip-simulator-backend/internal/adapters/http/anomaly_handler.go:57.83,59.16 2 0
github.com/NoTIPswe/notip-simulator-backend/internal/adapters/http/anomaly_handler.go:59.16,62.3 2 0
github.com/NoTIPswe/notip-simulator-backend/internal/adapters/http/anomaly_handler.go:64.2,68.61 3 0
github.com/NoTIPswe/notip-simulator-backend/internal/adapters/http/anomaly_handler.go:68.61,71.3 2 0
github.com/NoTIPswe/notip-simulator-backend/internal/adapters/http/anomaly_handler.go:73.2,73.30 1 0
github.com/NoTIPswe/notip-simulator-backend/internal/adapters/http/anomaly_handler.go:73.30,76.3 2 0
github.com/NoTIPswe/notip-simulator-backend/internal/adapters/http/anomaly_handler.go:78.2,85.77 2 0
github.com/NoTIPswe/notip-simulator-backend/internal/adapters/http/anomaly_handler.go:85.77,88.3 2 0
github.com/NoTIPswe/notip-simulator-backend/internal/adapters/http/anomaly_handler.go:89.2,89.37 1 0
github.com/NoTIPswe/notip-simulator-backend/internal/adapters/http/anomaly_handler.go:92.80,94.16 2 0
github.com/NoTIPswe/notip-simulator-backend/internal/adapters/http/anomaly_handler.go:94.16,97.3 2 0
github.com/NoTIPswe/notip-simulator-backend/internal/adapters/http/anomaly_handler.go:99.2,103.61 3 0
github.com/NoTIPswe/notip-simulator-backend/internal/adapters/http/anomaly_handler.go:103.61,106.3 2 0
github.com/NoTIPswe/notip-simulator-backend/internal/adapters/http/anomaly_handler.go:108.2,108.88 1 0
github.com/NoTIPswe/notip-simulator-backend/internal/adapters/http/anomaly_handler.go:108.88,111.3 2 0
github.com/NoTIPswe/notip-simulator-backend/internal/adapters/http/anomaly_handler.go:113.2,113.37 1 0
github.com/NoTIPswe/notip-simulator-backend/internal/adapters/http/errors.go:13.51,14.9 1 0
github.com/NoTIPswe/notip-simulator-backend/internal/adapters/http/errors.go:15.49,16.50 1 0
github.com/NoTIPswe/notip-simulator-backend/internal/adapters/http/errors.go:17.48,18.50 1 0
github.com/NoTIPswe/notip-simulator-backend/internal/adapters/http/errors.go:19.55,20.50 1 0
github.com/NoTIPswe/notip-simulator-backend/internal/adapters/http/errors.go:21.10,23.73 2 0
github.com/NoTIPswe/notip-simulator-backend/internal/adapters/http/gateway_handler.go:24.81,28.2 1 0
github.com/NoTIPswe/notip-simulator-backend/internal/adapters/http/gateway_handler.go:30.73,33.61 3 0
github.com/NoTIPswe/notip-simulator-backend/internal/adapters/http/gateway_handler.go:33.61,36.3 2 0
github.com/NoTIPswe/notip-simulator-backend/internal/adapters/http/gateway_handler.go:38.2,39.16 2 0
github.com/NoTIPswe/notip-simulator-backend/internal/adapters/http/gateway_handler.go:39.16,42.3 2 0
github.com/NoTIPswe/notip-simulator-backend/internal/adapters/http/gateway_handler.go:44.2,46.77 3 0
github.com/NoTIPswe/notip-simulator-backend/internal/adapters/http/gateway_handler.go:46.77,48.3 1 0
github.com/NoTIPswe/notip-simulator-backend/internal/adapters/http/gateway_handler.go:51.72,53.16 2 0
github.com/NoTIPswe/notip-simulator-backend/internal/adapters/http/gateway_handler.go:53.16,56.3 2 0
github.com/NoTIPswe/notip-simulator-backend/internal/adapters/http/gateway_handler.go:58.2,58.59 1 0
github.com/NoTIPswe/notip-simulator-backend/internal/adapters/http/gateway_handler.go:58.59,61.3 2 0
github.com/NoTIPswe/notip-simulator-backend/internal/adapters/http/gateway_handler.go:62.2,62.37 1 0
github.com/NoTIPswe/notip-simulator-backend/internal/adapters/http/gateway_handler.go:65.71,67.16 2 0
github.com/NoTIPswe/notip-simulator-backend/internal/adapters/http/gateway_handler.go:67.16,70.3 2 0
github.com/NoTIPswe/notip-simulator-backend/internal/adapters/http/gateway_handler.go:72.2,72.58 1 0
github.com/NoTIPswe/notip-simulator-backend/internal/adapters/http/gateway_handler.go:72.58,75.3 2 0
github.com/NoTIPswe/notip-simulator-backend/internal/adapters/http/gateway_handler.go:76.2,76.37 1 0
github.com/NoTIPswe/notip-simulator-backend/internal/adapters/http/gateway_handler.go:79.79,81.16 2 0
github.com/NoTIPswe/notip-simulator-backend/internal/adapters/http/gateway_handler.go:81.16,84.3 2 0
github.com/NoTIPswe/notip-simulator-backend/internal/adapters/http/gateway_handler.go:86.2,86.66 1 0
github.com/NoTIPswe/notip-simulator-backend/internal/adapters/http/gateway_handler.go:86.66,89.3 2 0
github.com/NoTIPswe/notip-simulator-backend/internal/adapters/http/gateway_handler.go:90.2,90.37 1 0
github.com/NoTIPswe/notip-simulator-backend/internal/adapters/http/gateway_handler.go:93.71,95.16 2 0
github.com/NoTIPswe/notip-simulator-backend/internal/adapters/http/gateway_handler.go:95.16,98.3 2 0
github.com/NoTIPswe/notip-simulator-backend/internal/adapters/http/gateway_handler.go:100.2,101.87 2 0
github.com/NoTIPswe/notip-simulator-backend/internal/adapters/http/gateway_handler.go:101.87,103.3 1 0
github.com/NoTIPswe/notip-simulator-backend/internal/adapters/http/gateway_handler.go:106.70,108.16 2 0
github.com/NoTIPswe/notip-simulator-backend/internal/adapters/http/gateway_handler.go:108.16,111.3 2 0
github.com/NoTIPswe/notip-simulator-backend/internal/adapters/http/gateway_handler.go:113.2,114.16 2 0
github.com/NoTIPswe/notip-simulator-backend/internal/adapters/http/gateway_handler.go:114.16,117.3 2 0
github.com/NoTIPswe/notip-simulator-backend/internal/adapters/http/gateway_handler.go:119.2,120.77 2 0
github.com/NoTIPswe/notip-simulator-backend/internal/adapters/http/gateway_handler.go:120.77,122.3 1 0
github.com/NoTIPswe/notip-simulator-backend/internal/adapters/http/gateway_handler.go:125.77,128.61 3 0
github.com/NoTIPswe/notip-simulator-backend/internal/adapters/http/gateway_handler.go:128.61,131.3 2 0
github.com/NoTIPswe/notip-simulator-backend/internal/adapters/http/gateway_handler.go:133.2,136.27 4 0
github.com/NoTIPswe/notip-simulator-backend/internal/adapters/http/gateway_handler.go:136.27,137.17 1 0
github.com/NoTIPswe/notip-simulator-backend/internal/adapters/http/gateway_handler.go:137.17,140.4 2 0
github.com/NoTIPswe/notip-simulator-backend/internal/adapters/http/gateway_handler.go:143.2,152.15 3 0
github.com/NoTIPswe/notip-simulator-backend/internal/adapters/http/gateway_handler.go:152.15,154.3 1 0
github.com/NoTIPswe/notip-simulator-backend/internal/adapters/http/gateway_handler.go:154.8,156.3 1 0
github.com/NoTIPswe/notip-simulator-backend/internal/adapters/http/gateway_handler.go:158.2,158.60 1 0
github.com/NoTIPswe/notip-simulator-backend/internal/adapters/http/gateway_handler.go:158.60,160.3 1 0
github.com/NoTIPswe/notip-simulator-backend/internal/adapters/http/provisioning_client.go:26.78,31.2 1 0
github.com/NoTIPswe/notip-simulator-backend/internal/adapters/http/provisioning_client.go:61.35,64.16 2 0
github.com/NoTIPswe/notip-simulator-backend/internal/adapters/http/provisioning_client.go:64.16,66.3 1 0
github.com/NoTIPswe/notip-simulator-backend/internal/adapters/http/provisioning_client.go:69.2,79.16 3 0
github.com/NoTIPswe/notip-simulator-backend/internal/adapters/http/provisioning_client.go:79.16,81.3 1 0
github.com/NoTIPswe/notip-simulator-backend/internal/adapters/http/provisioning_client.go:83.2,84.16 2 0
github.com/NoTIPswe/notip-simulator-backend/internal/adapters/http/provisioning_client.go:84.16,86.3 1 0
github.com/NoTIPswe/notip-simulator-backend/internal/adapters/http/provisioning_client.go:87.2,90.16 3 0
github.com/NoTIPswe/notip-simulator-backend/internal/adapters/http/provisioning_client.go:90.16,92.3 1 0
github.com/NoTIPswe/notip-simulator-backend/internal/adapters/http/provisioning_client.go:94.2,94.15 1 0
github.com/NoTIPswe/notip-simulator-backend/internal/adapters/http/provisioning_client.go:94.15,95.53 1 0
github.com/NoTIPswe/notip-simulator-backend/internal/adapters/http/provisioning_client.go:95.53,97.4 1 0
github.com/NoTIPswe/notip-simulator-backend/internal/adapters/http/provisioning_client.go:100.2,100.38 1 0
github.com/NoTIPswe/notip-simulator-backend/internal/adapters/http/provisioning_client.go:100.38,102.3 1 0
github.com/NoTIPswe/notip-simulator-backend/internal/adapters/http/provisioning_client.go:104.2,105.72 2 0
github.com/NoTIPswe/notip-simulator-backend/internal/adapters/http/provisioning_client.go:105.72,107.3 1 0
github.com/NoTIPswe/notip-simulator-backend/internal/adapters/http/provisioning_client.go:109.2,110.16 2 0
github.com/NoTIPswe/notip-simulator-backend/internal/adapters/http/provisioning_client.go:110.16,112.3 1 0
github.com/NoTIPswe/notip-simulator-backend/internal/adapters/http/provisioning_client.go:114.2,115.16 2 0
github.com/NoTIPswe/notip-simulator-backend/internal/adapters/http/provisioning_client.go:115.16,117.3 1 0
github.com/NoTIPswe/notip-simulator-backend/internal/adapters/http/provisioning_client.go:119.2,126.8 1 0
github.com/NoTIPswe/notip-simulator-backend/internal/adapters/http/provisioning_client.go:129.96,131.16 2 0
github.com/NoTIPswe/notip-simulator-backend/internal/adapters/http/provisioning_client.go:131.16,133.3 1 0
github.com/NoTIPswe/notip-simulator-backend/internal/adapters/http/provisioning_client.go:135.2,136.16 2 0
github.com/NoTIPswe/notip-simulator-backend/internal/adapters/http/provisioning_client.go:136.16,138.3 1 0
github.com/NoTIPswe/notip-simulator-backend/internal/adapters/http/provisioning_client.go:139.2,146.16 3 0
github.com/NoTIPswe/notip-simulator-backend/internal/adapters/http/provisioning_client.go:146.16,148.3 1 0
github.com/NoTIPswe/notip-simulator-backend/internal/adapters/http/provisioning_client.go:149.2,154.28 2 0
github.com/NoTIPswe/notip-simulator-backend/internal/adapters/http/provisioning_client.go:157.57,159.2 1 0
github.com/NoTIPswe/notip-simulator-backend/internal/adapters/http/sensor_handler.go:17.77,21.2 1 0
github.com/NoTIPswe/notip-simulator-backend/internal/adapters/http/sensor_handler.go:23.69,25.16 2 0
github.com/NoTIPswe/notip-simulator-backend/internal/adapters/http/sensor_handler.go:25.16,28.3 2 0
github.com/NoTIPswe/notip-simulator-backend/internal/adapters/http/sensor_handler.go:30.2,32.61 3 0
github.com/NoTIPswe/notip-simulator-backend/internal/adapters/http/sensor_handler.go:32.61,35.3 2 0
github.com/NoTIPswe/notip-simulator-backend/internal/adapters/http/sensor_handler.go:37.2,38.16 2 0
github.com/NoTIPswe/notip-simulator-backend/internal/adapters/http/sensor_handler.go:38.16,41.3 2 0
github.com/NoTIPswe/notip-simulator-backend/internal/adapters/http/sensor_handler.go:43.2,45.87 3 0
github.com/NoTIPswe/notip-simulator-backend/internal/adapters/http/sensor_handler.go:45.87,47.3 1 0
github.com/NoTIPswe/notip-simulator-backend/internal/adapters/http/sensor_handler.go:50.70,52.16 2 0
github.com/NoTIPswe/notip-simulator-backend/internal/adapters/http/sensor_handler.go:52.16,55.3 2 0
github.com/NoTIPswe/notip-simulator-backend/internal/adapters/http/sensor_handler.go:57.2,58.16 2 0
github.com/NoTIPswe/notip-simulator-backend/internal/adapters/http/sensor_handler.go:58.16,61.3 2 0
github.com/NoTIPswe/notip-simulator-backend/internal/adapters/http/sensor_handler.go:63.2,64.85 2 0
github.com/NoTIPswe/notip-simulator-backend/internal/adapters/http/sensor_handler.go:64.85,66.3 1 0
github.com/NoTIPswe/notip-simulator-backend/internal/adapters/http/sensor_handler.go:69.72,71.16 2 0
github.com/NoTIPswe/notip-simulator-backend/internal/adapters/http/sensor_handler.go:71.16,74.3 2 0
github.com/NoTIPswe/notip-simulator-backend/internal/adapters/http/sensor_handler.go:76.2,76.70 1 0
github.com/NoTIPswe/notip-simulator-backend/internal/adapters/http/sensor_handler.go:76.70,79.3 2 0
github.com/NoTIPswe/notip-simulator-backend/internal/adapters/http/sensor_handler.go:80.2,80.37 1 0
github.com/NoTIPswe/notip-simulator-backend/internal/adapters/http/server.go:22.15,53.2 17 0
github.com/NoTIPswe/notip-simulator-backend/internal/adapters/http/server.go:55.36,57.2 1 0
github.com/NoTIPswe/notip-simulator-backend/internal/adapters/http/server.go:59.54,61.2 1 0
github.com/NoTIPswe/notip-simulator-backend/internal/adapters/http/server.go:63.45,65.2 1 0
github.com/NoTIPswe/notip-simulator-backend/internal/adapters/http/dto/gateway.go:26.63,40.2 1 0
github.com/NoTIPswe/notip-simulator-backend/internal/adapters/http/dto/gateway.go:43.72,45.25 2 0
github.com/NoTIPswe/notip-simulator-backend/internal/adapters/http/dto/gateway.go:45.25,46.16 1 0
github.com/NoTIPswe/notip-simulator-backend/internal/adapters/http/dto/gateway.go:46.16,48.4 1 0
github.com/NoTIPswe/notip-simulator-backend/internal/adapters/http/dto/gateway.go:50.2,50.12 1 0
github.com/NoTIPswe/notip-simulator-backend/internal/adapters/http/dto/gateway.go:65.59,76.2 1 0
github.com/NoTIPswe/notip-simulator-backend/internal/adapters/http/dto/gateway.go:78.68,80.23 2 0
github.com/NoTIPswe/notip-simulator-backend/internal/adapters/http/dto/gateway.go:80.23,81.15 1 0
github.com/NoTIPswe/notip-simulator-backend/internal/adapters/http/dto/gateway.go:81.15,83.4 1 0
github.com/NoTIPswe/notip-simulator-backend/internal/adapters/http/dto/gateway.go:85.2,85.12 1 0
github.com/NoTIPswe/notip-simulator-backend/internal/adapters/http/dto/gateway.go:96.58,103.2 1 0
github.com/NoTIPswe/notip-simulator-backend/internal/adapters/nats/connector.go:24.102,26.16 2 0
github.com/NoTIPswe/notip-simulator-backend/internal/adapters/nats/connector.go:26.16,28.3 1 0
github.com/NoTIPswe/notip-simulator-backend/internal/adapters/nats/connector.go:30.2,31.40 2 0
github.com/NoTIPswe/notip-simulator-backend/internal/adapters/nats/connector.go:31.40,33.3 1 0
github.com/NoTIPswe/notip-simulator-backend/internal/adapters/nats/connector.go:35.2,39.8 1 0
github.com/NoTIPswe/notip-simulator-backend/internal/adapters/nats/connector.go:42.196,44.16 2 0
github.com/NoTIPswe/notip-simulator-backend/internal/adapters/nats/connector.go:44.16,46.3 1 0
github.com/NoTIPswe/notip-simulator-backend/internal/adapters/nats/connector.go:48.2,56.16 3 0
github.com/NoTIPswe/notip-simulator-backend/internal/adapters/nats/connector.go:56.16,58.3 1 0
github.com/NoTIPswe/notip-simulator-backend/internal/adapters/nats/connector.go:60.2,61.16 2 0
github.com/NoTIPswe/notip-simulator-backend/internal/adapters/nats/connector.go:61.16,64.3 2 0
github.com/NoTIPswe/notip-simulator-backend/internal/adapters/nats/connector.go:66.2,67.16 2 0
github.com/NoTIPswe/notip-simulator-backend/internal/adapters/nats/connector.go:67.16,70.3 2 0
github.com/NoTIPswe/notip-simulator-backend/internal/adapters/nats/connector.go:72.2,73.16 2 0
github.com/NoTIPswe/notip-simulator-backend/internal/adapters/nats/connector.go:73.16,76.3 2 0
github.com/NoTIPswe/notip-simulator-backend/internal/adapters/nats/connector.go:78.2,78.22 1 0
github.com/NoTIPswe/notip-simulator-backend/internal/adapters/nats/connector.go:82.89,84.16 2 0
github.com/NoTIPswe/notip-simulator-backend/internal/adapters/nats/connector.go:84.16,86.3 1 0
github.com/NoTIPswe/notip-simulator-backend/internal/adapters/nats/connector.go:88.2,92.8 1 0
github.com/NoTIPswe/notip-simulator-backend/internal/adapters/nats/decommission_listener.go:18.128,23.2 1 0
github.com/NoTIPswe/notip-simulator-backend/internal/adapters/nats/decommission_listener.go:25.67,26.77 1 0
github.com/NoTIPswe/notip-simulator-backend/internal/adapters/nats/decommission_listener.go:26.77,29.3 2 0
github.com/NoTIPswe/notip-simulator-backend/internal/adapters/nats/decommission_listener.go:30.2,30.16 1 0
github.com/NoTIPswe/notip-simulator-backend/internal/adapters/nats/decommission_listener.go:30.16,32.3 1 0
github.com/NoTIPswe/notip-simulator-backend/internal/adapters/nats/decommission_listener.go:34.2,35.26 2 0
github.com/NoTIPswe/notip-simulator-backend/internal/adapters/nats/decommission_listener.go:38.72,40.21 2 0
github.com/NoTIPswe/notip-simulator-backend/internal/adapters/nats/decommission_listener.go:40.21,43.3 2 0
github.com/NoTIPswe/notip-simulator-backend/internal/adapters/nats/decommission_listener.go:44.2,46.49 3 0
github.com/NoTIPswe/notip-simulator-backend/internal/adapters/nats/decommission_listener.go:46.49,49.3 2 0
github.com/NoTIPswe/notip-simulator-backend/internal/adapters/nats/decommission_listener.go:50.2,50.48 1 0
github.com/NoTIPswe/notip-simulator-backend/internal/adapters/nats/decommission_listener.go:50.48,53.3 2 0
github.com/NoTIPswe/notip-simulator-backend/internal/adapters/nats/decommission_listener.go:54.2,54.52 1 0
github.com/NoTIPswe/notip-simulator-backend/internal/adapters/nats/publisher.go:18.113,20.16 2 0
github.com/NoTIPswe/notip-simulator-backend/internal/adapters/nats/publisher.go:20.16,22.3 1 0
github.com/NoTIPswe/notip-simulator-backend/internal/adapters/nats/publisher.go:23.2,23.81 1 0
github.com/NoTIPswe/notip-simulator-backend/internal/adapters/nats/publisher.go:26.99,28.16 2 0
github.com/NoTIPswe/notip-simulator-backend/internal/adapters/nats/publisher.go:28.16,30.3 1 0
github.com/NoTIPswe/notip-simulator-backend/internal/adapters/nats/publisher.go:31.2,31.12 1 0
github.com/NoTIPswe/notip-simulator-backend/internal/adapters/nats/publisher.go:34.46,37.2 2 0
github.com/NoTIPswe/notip-simulator-backend/internal/adapters/nats/publisher.go:39.69,40.34 1 0
github.com/NoTIPswe/notip-simulator-backend/internal/adapters/nats/publisher.go:40.34,42.3 1 0
github.com/NoTIPswe/notip-simulator-backend/internal/adapters/nats/publisher.go:44.2,45.40 2 0
github.com/NoTIPswe/notip-simulator-backend/internal/adapters/nats/publisher.go:45.40,47.19 2 0
github.com/NoTIPswe/notip-simulator-backend/internal/adapters/nats/publisher.go:47.19,49.4 1 0
github.com/NoTIPswe/notip-simulator-backend/internal/adapters/nats/publisher.go:50.3,50.45 1 0
github.com/NoTIPswe/notip-simulator-backend/internal/adapters/nats/publisher.go:53.2,54.16 2 0
github.com/NoTIPswe/notip-simulator-backend/internal/adapters/nats/publisher.go:54.16,56.3 1 0
github.com/NoTIPswe/notip-simulator-backend/internal/adapters/nats/publisher.go:57.2,58.16 2 0
github.com/NoTIPswe/notip-simulator-backend/internal/adapters/nats/publisher.go:58.16,61.3 2 0
github.com/NoTIPswe/notip-simulator-backend/internal/adapters/nats/publisher.go:62.2,64.12 3 0
github.com/NoTIPswe/notip-simulator-backend/internal/adapters/nats/subscriber.go:23.174,36.16 6 0
github.com/NoTIPswe/notip-simulator-backend/internal/adapters/nats/subscriber.go:36.16,38.3 1 0
github.com/NoTIPswe/notip-simulator-backend/internal/adapters/nats/subscriber.go:40.2,41.24 2 0
github.com/NoTIPswe/notip-simulator-backend/internal/adapters/nats/subscriber.go:44.74,46.2 1 0
github.com/NoTIPswe/notip-simulator-backend/internal/adapters/nats/subscriber.go:48.47,52.2 3 0
github.com/NoTIPswe/notip-simulator-backend/internal/adapters/nats/subscriber.go:54.58,57.55 2 0
github.com/NoTIPswe/notip-simulator-backend/internal/adapters/nats/subscriber.go:57.55,61.3 3 0
github.com/NoTIPswe/notip-simulator-backend/internal/adapters/nats/subscriber.go:63.2,63.54 1 0
github.com/NoTIPswe/notip-simulator-backend/internal/adapters/nats/subscriber.go:63.54,72.17 4 0
github.com/NoTIPswe/notip-simulator-backend/internal/adapters/nats/subscriber.go:72.17,74.4 1 0
github.com/NoTIPswe/notip-simulator-backend/internal/adapters/nats/subscriber.go:74.9,77.78 3 0
github.com/NoTIPswe/notip-simulator-backend/internal/adapters/nats/subscriber.go:77.78,79.5 1 0
github.com/NoTIPswe/notip-simulator-backend/internal/adapters/nats/subscriber.go:82.3,82.35 1 0
github.com/NoTIPswe/notip-simulator-backend/internal/adapters/nats/subscriber.go:82.35,84.4 1 0
github.com/NoTIPswe/notip-simulator-backend/internal/adapters/nats/subscriber.go:85.3,85.9 1 0
github.com/NoTIPswe/notip-simulator-backend/internal/adapters/nats/subscriber.go:88.2,88.9 1 0
github.com/NoTIPswe/notip-simulator-backend/internal/adapters/nats/subscriber.go:89.19,90.35 1 0
github.com/NoTIPswe/notip-simulator-backend/internal/adapters/nats/subscriber.go:90.35,92.4 1 0
github.com/NoTIPswe/notip-simulator-backend/internal/adapters/nats/subscriber.go:93.10,95.35 2 0
github.com/NoTIPswe/notip-simulator-backend/internal/adapters/nats/subscriber.go:95.35,97.4 1 0
github.com/NoTIPswe/notip-simulator-backend/internal/adapters/sqlite/store.go:34.57,36.16 2 0
github.com/NoTIPswe/notip-simulator-backend/internal/adapters/sqlite/store.go:36.16,38.3 1 0
github.com/NoTIPswe/notip-simulator-backend/internal/adapters/sqlite/store.go:39.2,41.41 2 0
github.com/NoTIPswe/notip-simulator-backend/internal/adapters/sqlite/store.go:44.71,54.16 4 0
github.com/NoTIPswe/notip-simulator-backend/internal/adapters/sqlite/store.go:54.16,56.3 1 0
github.com/NoTIPswe/notip-simulator-backend/internal/adapters/sqlite/store.go:58.2,59.16 2 0
github.com/NoTIPswe/notip-simulator-backend/internal/adapters/sqlite/store.go:59.16,61.3 1 0
github.com/NoTIPswe/notip-simulator-backend/internal/adapters/sqlite/store.go:63.2,63.32 1 0
github.com/NoTIPswe/notip-simulator-backend/internal/adapters/sqlite/store.go:63.32,64.20 1 0
github.com/NoTIPswe/notip-simulator-backend/internal/adapters/sqlite/store.go:64.20,65.12 1 0
github.com/NoTIPswe/notip-simulator-backend/internal/adapters/sqlite/store.go:67.3,70.133 3 0
github.com/NoTIPswe/notip-simulator-backend/internal/adapters/sqlite/store.go:70.133,72.4 1 0
github.com/NoTIPswe/notip-simulator-backend/internal/adapters/sqlite/store.go:73.3,73.16 1 0
github.com/NoTIPswe/notip-simulator-backend/internal/adapters/sqlite/store.go:73.16,74.12 1 0
github.com/NoTIPswe/notip-simulator-backend/internal/adapters/sqlite/store.go:77.3,78.17 2 0
github.com/NoTIPswe/notip-simulator-backend/internal/adapters/sqlite/store.go:78.17,80.4 1 0
github.com/NoTIPswe/notip-simulator-backend/internal/adapters/sqlite/store.go:81.3,81.64 1 0
github.com/NoTIPswe/notip-simulator-backend/internal/adapters/sqlite/store.go:81.64,83.4 1 0
github.com/NoTIPswe/notip-simulator-backend/internal/adapters/sqlite/store.go:84.3,84.113 1 0
github.com/NoTIPswe/notip-simulator-backend/internal/adapters/sqlite/store.go:84.113,86.4 1 0
github.com/NoTIPswe/notip-simulator-backend/internal/adapters/sqlite/store.go:87.3,87.53 1 0
github.com/NoTIPswe/notip-simulator-backend/internal/adapters/sqlite/store.go:89.2,89.12 1 0
github.com/NoTIPswe/notip-simulator-backend/internal/adapters/sqlite/store.go:92.44,94.2 1 0
github.com/NoTIPswe/notip-simulator-backend/internal/adapters/sqlite/store.go:98.102,124.16 4 0
github.com/NoTIPswe/notip-simulator-backend/internal/adapters/sqlite/store.go:124.16,126.3 1 0
github.com/NoTIPswe/notip-simulator-backend/internal/adapters/sqlite/store.go:127.2,127.27 1 0
github.com/NoTIPswe/notip-simulator-backend/internal/adapters/sqlite/store.go:130.100,133.2 2 0
github.com/NoTIPswe/notip-simulator-backend/internal/adapters/sqlite/store.go:135.128,138.2 2 0
github.com/NoTIPswe/notip-simulator-backend/internal/adapters/sqlite/store.go:140.94,142.16 2 0
github.com/NoTIPswe/notip-simulator-backend/internal/adapters/sqlite/store.go:142.16,144.3 1 0
github.com/NoTIPswe/notip-simulator-backend/internal/adapters/sqlite/store.go:146.2,146.15 1 0
github.com/NoTIPswe/notip-simulator-backend/internal/adapters/sqlite/store.go:146.15,147.48 1 0
github.com/NoTIPswe/notip-simulator-backend/internal/adapters/sqlite/store.go:147.48,149.4 1 0
github.com/NoTIPswe/notip-simulator-backend/internal/adapters/sqlite/store.go:152.2,153.18 2 0
github.com/NoTIPswe/notip-simulator-backend/internal/adapters/sqlite/store.go:153.18,155.17 2 0
github.com/NoTIPswe/notip-simulator-backend/internal/adapters/sqlite/store.go:155.17,157.4 1 0
github.com/NoTIPswe/notip-simulator-backend/internal/adapters/sqlite/store.go:158.3,158.34 1 0
github.com/NoTIPswe/notip-simulator-backend/internal/adapters/sqlite/store.go:160.2,160.29 1 0
github.com/NoTIPswe/notip-simulator-backend/internal/adapters/sqlite/store.go:163.116,176.16 4 0
github.com/NoTIPswe/notip-simulator-backend/internal/adapters/sqlite/store.go:176.16,178.3 1 0
github.com/NoTIPswe/notip-simulator-backend/internal/adapters/sqlite/store.go:179.2,180.16 2 0
github.com/NoTIPswe/notip-simulator-backend/internal/adapters/sqlite/store.go:180.16,182.3 1 0
github.com/NoTIPswe/notip-simulator-backend/internal/adapters/sqlite/store.go:183.2,183.15 1 0
github.com/NoTIPswe/notip-simulator-backend/internal/adapters/sqlite/store.go:183.15,185.3 1 0
github.com/NoTIPswe/notip-simulator-backend/internal/adapters/sqlite/store.go:187.2,187.12 1 0
github.com/NoTIPswe/notip-simulator-backend/internal/adapters/sqlite/store.go:190.109,195.16 4 0
github.com/NoTIPswe/notip-simulator-backend/internal/adapters/sqlite/store.go:195.16,197.3 1 0
github.com/NoTIPswe/notip-simulator-backend/internal/adapters/sqlite/store.go:199.2,200.16 2 0
github.com/NoTIPswe/notip-simulator-backend/internal/adapters/sqlite/store.go:200.16,202.3 1 0
github.com/NoTIPswe/notip-simulator-backend/internal/adapters/sqlite/store.go:203.2,203.15 1 0
github.com/NoTIPswe/notip-simulator-backend/internal/adapters/sqlite/store.go:203.15,205.3 1 0
github.com/NoTIPswe/notip-simulator-backend/internal/adapters/sqlite/store.go:207.2,207.12 1 0
github.com/NoTIPswe/notip-simulator-backend/internal/adapters/sqlite/store.go:210.98,215.16 4 0
github.com/NoTIPswe/notip-simulator-backend/internal/adapters/sqlite/store.go:215.16,217.3 1 0
github.com/NoTIPswe/notip-simulator-backend/internal/adapters/sqlite/store.go:219.2,220.16 2 0
github.com/NoTIPswe/notip-simulator-backend/internal/adapters/sqlite/store.go:220.16,222.3 1 0
github.com/NoTIPswe/notip-simulator-backend/internal/adapters/sqlite/store.go:223.2,223.15 1 0
github.com/NoTIPswe/notip-simulator-backend/internal/adapters/sqlite/store.go:223.15,225.3 1 0
github.com/NoTIPswe/notip-simulator-backend/internal/adapters/sqlite/store.go:227.2,227.12 1 0
github.com/NoTIPswe/notip-simulator-backend/internal/adapters/sqlite/store.go:230.105,235.16 4 0
github.com/NoTIPswe/notip-simulator-backend/internal/adapters/sqlite/store.go:235.16,237.3 1 0
github.com/NoTIPswe/notip-simulator-backend/internal/adapters/sqlite/store.go:239.2,240.16 2 0
github.com/NoTIPswe/notip-simulator-backend/internal/adapters/sqlite/store.go:240.16,242.3 1 0
github.com/NoTIPswe/notip-simulator-backend/internal/adapters/sqlite/store.go:243.2,243.15 1 0
github.com/NoTIPswe/notip-simulator-backend/internal/adapters/sqlite/store.go:243.15,245.3 1 0
github.com/NoTIPswe/notip-simulator-backend/internal/adapters/sqlite/store.go:247.2,247.12 1 0
github.com/NoTIPswe/notip-simulator-backend/internal/adapters/sqlite/store.go:250.81,256.2 4 0
github.com/NoTIPswe/notip-simulator-backend/internal/adapters/sqlite/store.go:258.104,272.16 4 0
github.com/NoTIPswe/notip-simulator-backend/internal/adapters/sqlite/store.go:272.16,274.3 1 0
github.com/NoTIPswe/notip-simulator-backend/internal/adapters/sqlite/store.go:275.2,275.27 1 0
github.com/NoTIPswe/notip-simulator-backend/internal/adapters/sqlite/store.go:278.109,280.16 2 0
github.com/NoTIPswe/notip-simulator-backend/internal/adapters/sqlite/store.go:280.16,282.3 1 0
github.com/NoTIPswe/notip-simulator-backend/internal/adapters/sqlite/store.go:284.2,284.15 1 0
github.com/NoTIPswe/notip-simulator-backend/internal/adapters/sqlite/store.go:284.15,285.48 1 0
github.com/NoTIPswe/notip-simulator-backend/internal/adapters/sqlite/store.go:285.48,287.4 1 0
github.com/NoTIPswe/notip-simulator-backend/internal/adapters/sqlite/store.go:290.2,291.18 2 0
github.com/NoTIPswe/notip-simulator-backend/internal/adapters/sqlite/store.go:291.18,293.17 2 0
github.com/NoTIPswe/notip-simulator-backend/internal/adapters/sqlite/store.go:293.17,295.4 1 0
github.com/NoTIPswe/notip-simulator-backend/internal/adapters/sqlite/store.go:296.3,296.31 1 0
github.com/NoTIPswe/notip-simulator-backend/internal/adapters/sqlite/store.go:298.2,298.28 1 0
github.com/NoTIPswe/notip-simulator-backend/internal/adapters/sqlite/store.go:301.80,307.2 4 0
github.com/NoTIPswe/notip-simulator-backend/internal/adapters/sqlite/store.go:309.98,312.2 2 0
github.com/NoTIPswe/notip-simulator-backend/internal/adapters/sqlite/store.go:320.57,347.16 3 0
github.com/NoTIPswe/notip-simulator-backend/internal/adapters/sqlite/store.go:347.16,349.3 1 0
github.com/NoTIPswe/notip-simulator-backend/internal/adapters/sqlite/store.go:351.2,352.16 2 0
github.com/NoTIPswe/notip-simulator-backend/internal/adapters/sqlite/store.go:352.16,354.3 1 0
github.com/NoTIPswe/notip-simulator-backend/internal/adapters/sqlite/store.go:356.2,357.16 2 0
github.com/NoTIPswe/notip-simulator-backend/internal/adapters/sqlite/store.go:357.16,359.3 1 0
github.com/NoTIPswe/notip-simulator-backend/internal/adapters/sqlite/store.go:361.2,365.17 4 0
github.com/NoTIPswe/notip-simulator-backend/internal/adapters/sqlite/store.go:368.55,387.16 3 0
github.com/NoTIPswe/notip-simulator-backend/internal/adapters/sqlite/store.go:387.16,389.3 1 0
github.com/NoTIPswe/notip-simulator-backend/internal/adapters/sqlite/store.go:391.2,392.16 2 0
github.com/NoTIPswe/notip-simulator-backend/internal/adapters/sqlite/store.go:392.16,394.3 1 0
github.com/NoTIPswe/notip-simulator-backend/internal/adapters/sqlite/store.go:396.2,400.21 4 0
github.com/NoTIPswe/notip-simulator-backend/internal/adapters/sqlite/store.go:403.28,404.7 1 0
github.com/NoTIPswe/notip-simulator-backend/internal/adapters/sqlite/store.go:404.7,406.3 1 0
github.com/NoTIPswe/notip-simulator-backend/internal/adapters/sqlite/store.go:407.2,407.10 1 0
github.com/NoTIPswe/notip-simulator-backend/internal/app/app.go:31.37,33.16 2 0
github.com/NoTIPswe/notip-simulator-backend/internal/app/app.go:33.16,35.3 1 0
github.com/NoTIPswe/notip-simulator-backend/internal/app/app.go:37.2,38.16 2 0
github.com/NoTIPswe/notip-simulator-backend/internal/app/app.go:38.16,40.3 1 0
github.com/NoTIPswe/notip-simulator-backend/internal/app/app.go:41.2,41.15 1 0
github.com/NoTIPswe/notip-simulator-backend/internal/app/app.go:41.15,41.36 1 0
github.com/NoTIPswe/notip-simulator-backend/internal/app/app.go:43.2,47.16 4 0
github.com/NoTIPswe/notip-simulator-backend/internal/app/app.go:47.16,49.3 1 0
github.com/NoTIPswe/notip-simulator-backend/internal/app/app.go:51.2,62.16 3 0
github.com/NoTIPswe/notip-simulator-backend/internal/app/app.go:62.16,64.3 1 0
github.com/NoTIPswe/notip-simulator-backend/internal/app/app.go:65.2,67.22 2 0
github.com/NoTIPswe/notip-simulator-backend/internal/app/app.go:67.22,69.50 2 0
github.com/NoTIPswe/notip-simulator-backend/internal/app/app.go:69.50,71.4 1 0
github.com/NoTIPswe/notip-simulator-backend/internal/app/app.go:72.8,74.3 1 0
github.com/NoTIPswe/notip-simulator-backend/internal/app/app.go:76.2,80.75 4 0
github.com/NoTIPswe/notip-simulator-backend/internal/app/app.go:83.90,85.16 2 0
github.com/NoTIPswe/notip-simulator-backend/internal/app/app.go:85.16,87.3 1 0
github.com/NoTIPswe/notip-simulator-backend/internal/app/app.go:88.2,88.49 1 0
github.com/NoTIPswe/notip-simulator-backend/internal/app/app.go:88.49,91.3 2 0
github.com/NoTIPswe/notip-simulator-backend/internal/app/app.go:92.2,92.19 1 0
github.com/NoTIPswe/notip-simulator-backend/internal/app/app.go:95.122,97.16 2 0
github.com/NoTIPswe/notip-simulator-backend/internal/app/app.go:97.16,99.3 1 0
github.com/NoTIPswe/notip-simulator-backend/internal/app/app.go:100.2,101.40 2 0
github.com/NoTIPswe/notip-simulator-backend/internal/app/app.go:101.40,103.3 1 0
github.com/NoTIPswe/notip-simulator-backend/internal/app/app.go:105.2,114.16 2 0
github.com/NoTIPswe/notip-simulator-backend/internal/app/app.go:114.16,116.3 1 0
github.com/NoTIPswe/notip-simulator-backend/internal/app/app.go:118.2,119.16 2 0
github.com/NoTIPswe/notip-simulator-backend/internal/app/app.go:119.16,122.3 2 0
github.com/NoTIPswe/notip-simulator-backend/internal/app/app.go:124.2,125.12 2 0
github.com/NoTIPswe/notip-simulator-backend/internal/app/app.go:125.12,127.80 2 0
github.com/NoTIPswe/notip-simulator-backend/internal/app/app.go:127.80,129.4 1 0
github.com/NoTIPswe/notip-simulator-backend/internal/app/app.go:132.2,132.24 1 0
github.com/NoTIPswe/notip-simulator-backend/internal/app/app.go:135.74,140.12 4 0
github.com/NoTIPswe/notip-simulator-backend/internal/app/app.go:140.12,142.90 2 0
github.com/NoTIPswe/notip-simulator-backend/internal/app/app.go:142.90,144.4 1 0
github.com/NoTIPswe/notip-simulator-backend/internal/app/app.go:146.2,146.12 1 0
github.com/NoTIPswe/notip-simulator-backend/internal/app/app.go:149.112,161.12 5 0
github.com/NoTIPswe/notip-simulator-backend/internal/app/app.go:161.12,163.81 2 0
github.com/NoTIPswe/notip-simulator-backend/internal/app/app.go:163.81,165.4 1 0
github.com/NoTIPswe/notip-simulator-backend/internal/app/app.go:167.2,167.12 1 0
github.com/NoTIPswe/notip-simulator-backend/internal/app/app.go:170.151,171.9 1 0
github.com/NoTIPswe/notip-simulator-backend/internal/app/app.go:172.22,173.13 1 0
github.com/NoTIPswe/notip-simulator-backend/internal/app/app.go:174.20,180.50 4 0
github.com/NoTIPswe/notip-simulator-backend/internal/app/app.go:180.50,182.4 1 0
github.com/NoTIPswe/notip-simulator-backend/internal/app/app.go:183.3,183.54 1 0
github.com/NoTIPswe/notip-simulator-backend/internal/app/app.go:183.54,185.4 1 0
github.com/NoTIPswe/notip-simulator-backend/internal/app/app.go:187.3,191.13 4 0
github.com/NoTIPswe/notip-simulator-backend/internal/app/buffer.go:18.136,26.2 1 0
github.com/NoTIPswe/notip-simulator-backend/internal/app/buffer.go:28.46,29.9 1 0
github.com/NoTIPswe/notip-simulator-backend/internal/app/buffer.go:30.23,30.23 0 0
github.com/NoTIPswe/notip-simulator-backend/internal/app/buffer.go:32.10,34.10 1 0
github.com/NoTIPswe/notip-simulator-backend/internal/app/buffer.go:35.15,36.62 1 0
github.com/NoTIPswe/notip-simulator-backend/internal/app/buffer.go:37.11,37.11 0 0
github.com/NoTIPswe/notip-simulator-backend/internal/app/buffer.go:41.3,41.10 1 0
github.com/NoTIPswe/notip-simulator-backend/internal/app/buffer.go:42.24,42.24 0 0
github.com/NoTIPswe/notip-simulator-backend/internal/app/buffer.go:43.11,43.11 0 0
github.com/NoTIPswe/notip-simulator-backend/internal/app/buffer.go:47.2,47.75 1 0
github.com/NoTIPswe/notip-simulator-backend/internal/app/buffer.go:50.52,51.6 1 0
github.com/NoTIPswe/notip-simulator-backend/internal/app/buffer.go:51.6,52.10 1 0
github.com/NoTIPswe/notip-simulator-backend/internal/app/buffer.go:53.21,54.10 1 0
github.com/NoTIPswe/notip-simulator-backend/internal/app/buffer.go:55.22,56.67 1 0
github.com/NoTIPswe/notip-simulator-backend/internal/app/buffer.go:56.67,58.5 1 0
github.com/NoTIPswe/notip-simulator-backend/internal/app/buffer.go:58.10,60.5 1 0
github.com/NoTIPswe/notip-simulator-backend/internal/app/buffer.go:61.4,61.77 1 0
github.com/NoTIPswe/notip-simulator-backend/internal/app/registry.go:57.20,68.2 1 0
github.com/NoTIPswe/notip-simulator-backend/internal/app/registry.go:72.124,74.24 2 0
github.com/NoTIPswe/notip-simulator-backend/internal/app/registry.go:74.24,76.3 1 0
github.com/NoTIPswe/notip-simulator-backend/internal/app/registry.go:79.2,90.56 2 0
github.com/NoTIPswe/notip-simulator-backend/internal/app/registry.go:90.56,92.3 1 0
github.com/NoTIPswe/notip-simulator-backend/internal/app/registry.go:94.2,94.17 1 0
github.com/NoTIPswe/notip-simulator-backend/internal/app/registry.go:97.129,102.33 4 0
github.com/NoTIPswe/notip-simulator-backend/internal/app/registry.go:102.33,104.20 2 0
github.com/NoTIPswe/notip-simulator-backend/internal/app/registry.go:104.20,118.4 4 0
github.com/NoTIPswe/notip-simulator-backend/internal/app/registry.go:120.2,122.22 2 0
github.com/NoTIPswe/notip-simulator-backend/internal/app/registry.go:125.84,130.9 4 0
github.com/NoTIPswe/notip-simulator-backend/internal/app/registry.go:130.9,132.3 1 0
github.com/NoTIPswe/notip-simulator-backend/internal/app/registry.go:134.2,134.19 1 0
github.com/NoTIPswe/notip-simulator-backend/internal/app/registry.go:134.19,136.3 1 0
github.com/NoTIPswe/notip-simulator-backend/internal/app/registry.go:138.2,139.64 2 0
github.com/NoTIPswe/notip-simulator-backend/internal/app/registry.go:142.83,147.9 4 0
github.com/NoTIPswe/notip-simulator-backend/internal/app/registry.go:147.9,149.3 1 0
github.com/NoTIPswe/notip-simulator-backend/internal/app/registry.go:151.2,152.64 2 0
github.com/NoTIPswe/notip-simulator-backend/internal/app/registry.go:155.91,158.8 3 0
github.com/NoTIPswe/notip-simulator-backend/internal/app/registry.go:158.8,160.3 1 0
github.com/NoTIPswe/notip-simulator-backend/internal/app/registry.go:161.2,163.9 2 0
github.com/NoTIPswe/notip-simulator-backend/internal/app/registry.go:163.9,165.3 1 0
github.com/NoTIPswe/notip-simulator-backend/internal/app/registry.go:167.2,169.65 2 0
github.com/NoTIPswe/notip-simulator-backend/internal/app/registry.go:169.65,171.3 1 0
github.com/NoTIPswe/notip-simulator-backend/internal/app/registry.go:173.2,174.12 2 0
github.com/NoTIPswe/notip-simulator-backend/internal/app/registry.go:177.91,179.2 1 0
github.com/NoTIPswe/notip-simulator-backend/internal/app/registry.go:181.111,183.16 2 0
github.com/NoTIPswe/notip-simulator-backend/internal/app/registry.go:183.16,185.3 1 0
github.com/NoTIPswe/notip-simulator-backend/internal/app/registry.go:186.2,186.16 1 0
github.com/NoTIPswe/notip-simulator-backend/internal/app/registry.go:191.127,197.16 5 0
github.com/NoTIPswe/notip-simulator-backend/internal/app/registry.go:197.16,199.3 1 0
github.com/NoTIPswe/notip-simulator-backend/internal/app/registry.go:200.2,204.30 4 0
github.com/NoTIPswe/notip-simulator-backend/internal/app/registry.go:204.30,205.32 1 0
github.com/NoTIPswe/notip-simulator-backend/internal/app/registry.go:205.32,208.9 3 0
github.com/NoTIPswe/notip-simulator-backend/internal/app/registry.go:212.2,212.21 1 0
github.com/NoTIPswe/notip-simulator-backend/internal/app/registry.go:215.106,217.2 1 0
github.com/NoTIPswe/notip-simulator-backend/internal/app/registry.go:219.83,221.2 1 0
github.com/NoTIPswe/notip-simulator-backend/internal/app/registry.go:225.126,230.9 4 0
github.com/NoTIPswe/notip-simulator-backend/internal/app/registry.go:230.9,232.3 1 0
github.com/NoTIPswe/notip-simulator-backend/internal/app/registry.go:234.2,234.9 1 0
github.com/NoTIPswe/notip-simulator-backend/internal/app/registry.go:235.28,235.28 0 0
github.com/NoTIPswe/notip-simulator-backend/internal/app/registry.go:236.10,237.72 1 0
github.com/NoTIPswe/notip-simulator-backend/internal/app/registry.go:239.2,239.12 1 0
github.com/NoTIPswe/notip-simulator-backend/internal/app/registry.go:242.133,247.9 4 0
github.com/NoTIPswe/notip-simulator-backend/internal/app/registry.go:247.9,249.3 1 0
github.com/NoTIPswe/notip-simulator-backend/internal/app/registry.go:251.2,251.9 1 0
github.com/NoTIPswe/notip-simulator-backend/internal/app/registry.go:252.26,252.26 0 0
github.com/NoTIPswe/notip-simulator-backend/internal/app/registry.go:253.10,254.73 1 0
github.com/NoTIPswe/notip-simulator-backend/internal/app/registry.go:256.2,256.12 1 0
github.com/NoTIPswe/notip-simulator-backend/internal/app/registry.go:261.106,263.16 2 0
github.com/NoTIPswe/notip-simulator-backend/internal/app/registry.go:263.16,265.3 1 0
github.com/NoTIPswe/notip-simulator-backend/internal/app/registry.go:267.2,269.35 3 0
github.com/NoTIPswe/notip-simulator-backend/internal/app/registry.go:269.35,270.44 1 0
github.com/NoTIPswe/notip-simulator-backend/internal/app/registry.go:270.44,272.9 2 0
github.com/NoTIPswe/notip-simulator-backend/internal/app/registry.go:275.2,277.14 2 0
github.com/NoTIPswe/notip-simulator-backend/internal/app/registry.go:277.14,279.3 1 0
github.com/NoTIPswe/notip-simulator-backend/internal/app/registry.go:281.2,286.9 2 0
github.com/NoTIPswe/notip-simulator-backend/internal/app/registry.go:287.26,287.26 0 0
github.com/NoTIPswe/notip-simulator-backend/internal/app/registry.go:288.10,289.68 1 0
github.com/NoTIPswe/notip-simulator-backend/internal/app/registry.go:291.2,291.12 1 0
github.com/NoTIPswe/notip-simulator-backend/internal/app/registry.go:296.65,298.16 2 0
github.com/NoTIPswe/notip-simulator-backend/internal/app/registry.go:298.16,300.3 1 0
github.com/NoTIPswe/notip-simulator-backend/internal/app/registry.go:302.2,302.30 1 0
github.com/NoTIPswe/notip-simulator-backend/internal/app/registry.go:302.30,303.22 1 0
github.com/NoTIPswe/notip-simulator-backend/internal/app/registry.go:303.22,304.12 1 0
github.com/NoTIPswe/notip-simulator-backend/internal/app/registry.go:306.3,306.51 1 0
github.com/NoTIPswe/notip-simulator-backend/internal/app/registry.go:306.51,308.4 1 0
github.com/NoTIPswe/notip-simulator-backend/internal/app/registry.go:311.2,311.12 1 0
github.com/NoTIPswe/notip-simulator-backend/internal/app/registry.go:314.92,316.16 2 0
github.com/NoTIPswe/notip-simulator-backend/internal/app/registry.go:316.16,318.3 1 0
github.com/NoTIPswe/notip-simulator-backend/internal/app/registry.go:320.2,321.16 2 0
github.com/NoTIPswe/notip-simulator-backend/internal/app/registry.go:321.16,323.3 1 0
github.com/NoTIPswe/notip-simulator-backend/internal/app/registry.go:325.2,325.69 1 0
github.com/NoTIPswe/notip-simulator-backend/internal/app/registry.go:325.69,329.3 3 0
github.com/NoTIPswe/notip-simulator-backend/internal/app/registry.go:331.2,331.12 1 0
github.com/NoTIPswe/notip-simulator-backend/internal/app/registry.go:334.97,344.16 3 0
github.com/NoTIPswe/notip-simulator-backend/internal/app/registry.go:344.16,347.3 2 0
github.com/NoTIPswe/notip-simulator-backend/internal/app/registry.go:349.2,350.16 2 0
github.com/NoTIPswe/notip-simulator-backend/internal/app/registry.go:350.16,353.3 2 0
github.com/NoTIPswe/notip-simulator-backend/internal/app/registry.go:354.2,363.16 8 0
github.com/NoTIPswe/notip-simulator-backend/internal/app/registry.go:363.16,366.3 2 0
github.com/NoTIPswe/notip-simulator-backend/internal/app/registry.go:367.2,372.16 4 0
github.com/NoTIPswe/notip-simulator-backend/internal/app/registry.go:372.16,376.3 3 0
github.com/NoTIPswe/notip-simulator-backend/internal/app/registry.go:377.2,381.16 3 0
github.com/NoTIPswe/notip-simulator-backend/internal/app/registry.go:381.16,385.3 3 0
github.com/NoTIPswe/notip-simulator-backend/internal/app/registry.go:387.2,387.69 1 0
github.com/NoTIPswe/notip-simulator-backend/internal/app/registry.go:387.69,391.3 3 0
github.com/NoTIPswe/notip-simulator-backend/internal/app/registry.go:393.2,395.12 3 0
github.com/NoTIPswe/notip-simulator-backend/internal/app/registry.go:398.169,399.18 1 0
github.com/NoTIPswe/notip-simulator-backend/internal/app/registry.go:400.32,401.17 1 0
github.com/NoTIPswe/notip-simulator-backend/internal/app/registry.go:401.17,403.4 1 0
github.com/NoTIPswe/notip-simulator-backend/internal/app/registry.go:404.3,404.17 1 0
github.com/NoTIPswe/notip-simulator-backend/internal/app/registry.go:404.17,406.4 1 0
github.com/NoTIPswe/notip-simulator-backend/internal/app/registry.go:407.3,407.14 1 0
github.com/NoTIPswe/notip-simulator-backend/internal/app/registry.go:408.18,409.59 1 0
github.com/NoTIPswe/notip-simulator-backend/internal/app/registry.go:409.59,411.4 1 0
github.com/NoTIPswe/notip-simulator-backend/internal/app/registry.go:412.22,412.22 0 0
github.com/NoTIPswe/notip-simulator-backend/internal/app/registry.go:417.195,420.28 3 0
github.com/NoTIPswe/notip-simulator-backend/internal/app/registry.go:420.28,422.3 1 0
github.com/NoTIPswe/notip-simulator-backend/internal/app/registry.go:424.2,443.12 8 0
github.com/NoTIPswe/notip-simulator-backend/internal/app/registry.go:443.12,444.16 1 0
github.com/NoTIPswe/notip-simulator-backend/internal/app/registry.go:444.16,444.35 1 0
github.com/NoTIPswe/notip-simulator-backend/internal/app/registry.go:445.3,446.7 2 0
github.com/NoTIPswe/notip-simulator-backend/internal/app/registry.go:446.7,447.11 1 0
github.com/NoTIPswe/notip-simulator-backend/internal/app/registry.go:448.33,449.11 1 0
github.com/NoTIPswe/notip-simulator-backend/internal/app/registry.go:450.31,451.12 1 0
github.com/NoTIPswe/notip-simulator-backend/internal/app/registry.go:451.12,453.6 1 0
github.com/NoTIPswe/notip-simulator-backend/internal/app/registry.go:454.5,454.12 1 0
github.com/NoTIPswe/notip-simulator-backend/internal/app/registry.go:455.29,455.29 0 0
github.com/NoTIPswe/notip-simulator-backend/internal/app/registry.go:456.13,457.105 1 0
github.com/NoTIPswe/notip-simulator-backend/internal/app/registry.go:463.2,469.73 5 0
github.com/NoTIPswe/notip-simulator-backend/internal/app/registry.go:469.73,471.3 1 0
github.com/NoTIPswe/notip-simulator-backend/internal/app/registry.go:473.2,473.15 1 0
github.com/NoTIPswe/notip-simulator-backend/internal/app/registry.go:476.84,478.16 2 0
github.com/NoTIPswe/notip-simulator-backend/internal/app/registry.go:478.16,481.3 2 0
github.com/NoTIPswe/notip-simulator-backend/internal/app/registry.go:483.2,485.9 3 0
github.com/NoTIPswe/notip-simulator-backend/internal/app/registry.go:485.9,488.3 2 0
github.com/NoTIPswe/notip-simulator-backend/internal/app/registry.go:489.2,492.32 3 0
github.com/NoTIPswe/notip-simulator-backend/internal/app/registry.go:492.32,494.3 1 0
github.com/NoTIPswe/notip-simulator-backend/internal/app/registry.go:495.2,499.65 4 0
github.com/NoTIPswe/notip-simulator-backend/internal/app/registry.go:499.65,501.3 1 0
github.com/NoTIPswe/notip-simulator-backend/internal/app/registry.go:503.2,504.90 2 0
github.com/NoTIPswe/notip-simulator-backend/internal/app/registry.go:507.58,510.30 3 0
github.com/NoTIPswe/notip-simulator-backend/internal/app/registry.go:510.30,512.3 1 0
github.com/NoTIPswe/notip-simulator-backend/internal/app/registry.go:513.2,516.34 3 0
github.com/NoTIPswe/notip-simulator-backend/internal/app/registry.go:516.34,518.34 2 0
github.com/NoTIPswe/notip-simulator-backend/internal/app/registry.go:518.34,520.39 2 0
github.com/NoTIPswe/notip-simulator-backend/internal/app/registry.go:520.39,522.5 1 0
github.com/NoTIPswe/notip-simulator-backend/internal/app/registry.go:523.4,523.24 1 0
github.com/NoTIPswe/notip-simulator-backend/internal/app/registry.go:526.2,526.11 1 0
github.com/NoTIPswe/notip-simulator-backend/internal/app/worker.go:29.51,30.11 1 0
github.com/NoTIPswe/notip-simulator-backend/internal/app/worker.go:31.26,32.15 1 0
github.com/NoTIPswe/notip-simulator-backend/internal/app/worker.go:33.23,34.13 1 0
github.com/NoTIPswe/notip-simulator-backend/internal/app/worker.go:35.23,36.15 1 0
github.com/NoTIPswe/notip-simulator-backend/internal/app/worker.go:37.23,38.15 1 0
github.com/NoTIPswe/notip-simulator-backend/internal/app/worker.go:39.24,40.15 1 0
github.com/NoTIPswe/notip-simulator-backend/internal/app/worker.go:41.10,42.12 1 0
github.com/NoTIPswe/notip-simulator-backend/internal/app/worker.go:82.55,98.2 1 0
github.com/NoTIPswe/notip-simulator-backend/internal/app/worker.go:100.86,105.2 4 0
github.com/NoTIPswe/notip-simulator-backend/internal/app/worker.go:107.52,108.28 1 0
github.com/NoTIPswe/notip-simulator-backend/internal/app/worker.go:108.28,110.3 1 0
github.com/NoTIPswe/notip-simulator-backend/internal/app/worker.go:111.2,115.22 4 0
github.com/NoTIPswe/notip-simulator-backend/internal/app/worker.go:118.53,119.30 1 0
github.com/NoTIPswe/notip-simulator-backend/internal/app/worker.go:119.30,121.3 1 0
github.com/NoTIPswe/notip-simulator-backend/internal/app/worker.go:122.2,124.9 2 0
github.com/NoTIPswe/notip-simulator-backend/internal/app/worker.go:125.16,125.16 0 0
github.com/NoTIPswe/notip-simulator-backend/internal/app/worker.go:126.29,127.79 1 0
github.com/NoTIPswe/notip-simulator-backend/internal/app/worker.go:129.2,129.51 1 0
github.com/NoTIPswe/notip-simulator-backend/internal/app/worker.go:129.51,131.3 1 0
github.com/NoTIPswe/notip-simulator-backend/internal/app/worker.go:134.42,136.2 1 0
github.com/NoTIPswe/notip-simulator-backend/internal/app/worker.go:138.57,145.35 5 0
github.com/NoTIPswe/notip-simulator-backend/internal/app/worker.go:145.35,148.3 2 0
github.com/NoTIPswe/notip-simulator-backend/internal/app/worker.go:148.8,150.3 1 0
github.com/NoTIPswe/notip-simulator-backend/internal/app/worker.go:151.2,151.15 1 0
github.com/NoTIPswe/notip-simulator-backend/internal/app/worker.go:151.15,152.20 1 0
github.com/NoTIPswe/notip-simulator-backend/internal/app/worker.go:152.20,154.4 1 0
github.com/NoTIPswe/notip-simulator-backend/internal/app/worker.go:157.2,157.6 1 0
github.com/NoTIPswe/notip-simulator-backend/internal/app/worker.go:157.6,158.10 1 0
github.com/NoTIPswe/notip-simulator-backend/internal/app/worker.go:159.21,160.10 1 0
github.com/NoTIPswe/notip-simulator-backend/internal/app/worker.go:161.22,164.62 1 0
github.com/NoTIPswe/notip-simulator-backend/internal/app/worker.go:164.62,169.5 4 0
github.com/NoTIPswe/notip-simulator-backend/internal/app/worker.go:170.29,171.37 1 0
github.com/NoTIPswe/notip-simulator-backend/internal/app/worker.go:172.16,173.30 1 0
github.com/NoTIPswe/notip-simulator-backend/internal/app/worker.go:178.79,182.2 3 0
github.com/NoTIPswe/notip-simulator-backend/internal/app/worker.go:184.67,185.9 1 0
github.com/NoTIPswe/notip-simulator-backend/internal/app/worker.go:186.27,187.33 1 0
github.com/NoTIPswe/notip-simulator-backend/internal/app/worker.go:187.33,188.33 1 0
github.com/NoTIPswe/notip-simulator-backend/internal/app/worker.go:188.33,190.10 2 0
github.com/NoTIPswe/notip-simulator-backend/internal/app/worker.go:192.4,193.77 2 0
github.com/NoTIPswe/notip-simulator-backend/internal/app/worker.go:195.10,195.10 0 0
github.com/NoTIPswe/notip-simulator-backend/internal/app/worker.go:198.2,198.9 1 0
github.com/NoTIPswe/notip-simulator-backend/internal/app/worker.go:199.28,200.30 1 0
github.com/NoTIPswe/notip-simulator-backend/internal/app/worker.go:201.10,201.10 0 0
github.com/NoTIPswe/notip-simulator-backend/internal/app/worker.go:204.1,205.6 1 0
github.com/NoTIPswe/notip-simulator-backend/internal/app/worker.go:205.6,206.10 1 0
github.com/NoTIPswe/notip-simulator-backend/internal/app/worker.go:207.29,209.32 2 0
github.com/NoTIPswe/notip-simulator-backend/internal/app/worker.go:209.32,210.35 1 0
github.com/NoTIPswe/notip-simulator-backend/internal/app/worker.go:210.35,212.26 2 0
github.com/NoTIPswe/notip-simulator-backend/internal/app/worker.go:212.26,214.7 1 0
github.com/NoTIPswe/notip-simulator-backend/internal/app/worker.go:215.6,216.11 2 0
github.com/NoTIPswe/notip-simulator-backend/internal/app/worker.go:219.4,219.24 1 0
github.com/NoTIPswe/notip-simulator-backend/internal/app/worker.go:221.11,222.23 1 0
github.com/NoTIPswe/notip-simulator-backend/internal/app/worker.go:227.65,228.28 1 0
github.com/NoTIPswe/notip-simulator-backend/internal/app/worker.go:228.28,230.3 1 0
github.com/NoTIPswe/notip-simulator-backend/internal/app/worker.go:231.2,231.40 1 0
github.com/NoTIPswe/notip-simulator-backend/internal/app/worker.go:231.40,233.3 1 0
github.com/NoTIPswe/notip-simulator-backend/internal/app/worker.go:235.2,235.53 1 0
github.com/NoTIPswe/notip-simulator-backend/internal/app/worker.go:235.53,237.3 1 0
github.com/NoTIPswe/notip-simulator-backend/internal/app/worker.go:239.2,239.54 1 0
github.com/NoTIPswe/notip-simulator-backend/internal/app/worker.go:239.54,240.52 1 0
github.com/NoTIPswe/notip-simulator-backend/internal/app/worker.go:240.52,243.4 2 0
github.com/NoTIPswe/notip-simulator-backend/internal/app/worker.go:244.3,244.33 1 0
github.com/NoTIPswe/notip-simulator-backend/internal/app/worker.go:246.2,246.23 1 0
github.com/NoTIPswe/notip-simulator-backend/internal/app/worker.go:249.45,250.80 1 0
github.com/NoTIPswe/notip-simulator-backend/internal/app/worker.go:250.80,252.3 1 0
github.com/NoTIPswe/notip-simulator-backend/internal/app/worker.go:254.2,257.35 3 0
github.com/NoTIPswe/notip-simulator-backend/internal/app/worker.go:257.35,261.17 4 0
github.com/NoTIPswe/notip-simulator-backend/internal/app/worker.go:261.17,263.12 2 0
github.com/NoTIPswe/notip-simulator-backend/internal/app/worker.go:266.3,267.17 2 0
github.com/NoTIPswe/notip-simulator-backend/internal/app/worker.go:267.17,268.12 1 0
github.com/NoTIPswe/notip-simulator-backend/internal/app/worker.go:271.3,273.17 3 0
github.com/NoTIPswe/notip-simulator-backend/internal/app/worker.go:273.17,275.12 2 0
github.com/NoTIPswe/notip-simulator-backend/internal/app/worker.go:278.3,278.89 1 0
github.com/NoTIPswe/notip-simulator-backend/internal/app/worker.go:278.89,279.54 1 0
github.com/NoTIPswe/notip-simulator-backend/internal/app/worker.go:279.54,280.13 1 0
github.com/NoTIPswe/notip-simulator-backend/internal/app/worker.go:284.3,284.26 1 0
github.com/NoTIPswe/notip-simulator-backend/internal/app/worker.go:288.80,291.18 2 0
github.com/NoTIPswe/notip-simulator-backend/internal/app/worker.go:292.33,293.36 1 0
github.com/NoTIPswe/notip-simulator-backend/internal/app/worker.go:293.36,296.18 3 0
github.com/NoTIPswe/notip-simulator-backend/internal/app/worker.go:296.18,298.5 1 0
github.com/NoTIPswe/notip-simulator-backend/internal/app/worker.go:299.4,299.30 1 0
github.com/NoTIPswe/notip-simulator-backend/internal/app/worker.go:302.25,303.28 1 0
github.com/NoTIPswe/notip-simulator-backend/internal/app/worker.go:303.28,305.4 1 0
github.com/NoTIPswe/notip-simulator-backend/internal/app/worker.go:307.3,307.52 1 0
github.com/NoTIPswe/notip-simulator-backend/internal/app/worker.go:307.52,309.4 1 0
github.com/NoTIPswe/notip-simulator-backend/internal/app/worker.go:311.2,311.25 1 0
github.com/NoTIPswe/notip-simulator-backend/internal/app/worker.go:314.122,325.2 1 0
github.com/NoTIPswe/notip-simulator-backend/internal/app/worker.go:327.96,330.2 2 0
github.com/NoTIPswe/notip-simulator-backend/internal/app/worker.go:332.132,333.18 1 0
github.com/NoTIPswe/notip-simulator-backend/internal/app/worker.go:334.27,335.55 1 0
github.com/NoTIPswe/notip-simulator-backend/internal/app/worker.go:336.27,337.55 1 0
github.com/NoTIPswe/notip-simulator-backend/internal/app/worker.go:338.10,339.57 1 0
github.com/NoTIPswe/notip-simulator-backend/internal/app/worker.go:343.123,345.52 2 0
github.com/NoTIPswe/notip-simulator-backend/internal/app/worker.go:345.52,347.3 1 0
github.com/NoTIPswe/notip-simulator-backend/internal/app/worker.go:349.2,349.30 1 0
github.com/NoTIPswe/notip-simulator-backend/internal/app/worker.go:349.30,350.30 1 0
github.com/NoTIPswe/notip-simulator-backend/internal/app/worker.go:350.30,352.4 1 0
github.com/NoTIPswe/notip-simulator-backend/internal/app/worker.go:353.3,353.88 1 0
github.com/NoTIPswe/notip-simulator-backend/internal/app/worker.go:353.88,355.4 1 0
github.com/NoTIPswe/notip-simulator-backend/internal/app/worker.go:358.2,358.21 1 0
github.com/NoTIPswe/notip-simulator-backend/internal/app/worker.go:358.21,359.76 1 0
github.com/NoTIPswe/notip-simulator-backend/internal/app/worker.go:359.76,361.4 1 0
github.com/NoTIPswe/notip-simulator-backend/internal/app/worker.go:364.2,365.9 2 0
github.com/NoTIPswe/notip-simulator-backend/internal/app/worker.go:366.28,367.25 1 0
github.com/NoTIPswe/notip-simulator-backend/internal/app/worker.go:368.10,369.56 1 0
github.com/NoTIPswe/notip-simulator-backend/internal/app/worker.go:373.123,375.52 2 0
github.com/NoTIPswe/notip-simulator-backend/internal/app/worker.go:375.52,377.3 1 0
github.com/NoTIPswe/notip-simulator-backend/internal/app/worker.go:379.2,379.29 1 0
github.com/NoTIPswe/notip-simulator-backend/internal/app/worker.go:379.29,381.3 1 0
github.com/NoTIPswe/notip-simulator-backend/internal/app/worker.go:383.2,383.92 1 0
github.com/NoTIPswe/notip-simulator-backend/internal/app/worker.go:383.92,385.3 1 0
github.com/NoTIPswe/notip-simulator-backend/internal/app/worker.go:387.2,387.24 1 0
github.com/NoTIPswe/notip-simulator-backend/internal/app/worker.go:390.37,392.2 1 0
github.com/NoTIPswe/notip-simulator-backend/internal/app/worker.go:394.121,403.16 3 0
github.com/NoTIPswe/notip-simulator-backend/internal/app/worker.go:403.16,406.3 2 0
github.com/NoTIPswe/notip-simulator-backend/internal/app/worker.go:408.2,410.67 2 0
github.com/NoTIPswe/notip-simulator-backend/internal/app/worker.go:410.67,412.3 1 0
github.com/NoTIPswe/notip-simulator-backend/internal/config/config.go:22.30,34.31 3 0
github.com/NoTIPswe/notip-simulator-backend/internal/config/config.go:34.31,36.3 1 0
github.com/NoTIPswe/notip-simulator-backend/internal/config/config.go:37.2,37.23 1 0
github.com/NoTIPswe/notip-simulator-backend/internal/config/config.go:37.23,39.3 1 0
github.com/NoTIPswe/notip-simulator-backend/internal/config/config.go:40.2,40.30 1 0
github.com/NoTIPswe/notip-simulator-backend/internal/config/config.go:40.30,42.3 1 0
github.com/NoTIPswe/notip-simulator-backend/internal/config/config.go:44.2,44.19 1 0
github.com/NoTIPswe/notip-simulator-backend/internal/config/config.go:44.19,46.3 1 0
github.com/NoTIPswe/notip-simulator-backend/internal/config/config.go:48.2,52.37 4 0
github.com/NoTIPswe/notip-simulator-backend/internal/config/config.go:52.37,55.3 2 0
github.com/NoTIPswe/notip-simulator-backend/internal/config/config.go:57.2,57.32 1 0
github.com/NoTIPswe/notip-simulator-backend/internal/config/config.go:57.32,60.3 2 0
github.com/NoTIPswe/notip-simulator-backend/internal/config/config.go:62.2,62.17 1 0
github.com/NoTIPswe/notip-simulator-backend/internal/config/config.go:65.42,66.34 1 0
github.com/NoTIPswe/notip-simulator-backend/internal/config/config.go:66.34,68.3 1 0
github.com/NoTIPswe/notip-simulator-backend/internal/config/config.go:69.2,69.17 1 0
github.com/NoTIPswe/notip-simulator-backend/internal/config/config.go:72.46,74.13 2 0
github.com/NoTIPswe/notip-simulator-backend/internal/config/config.go:74.13,76.3 1 0
github.com/NoTIPswe/notip-simulator-backend/internal/config/config.go:77.2,78.16 2 0
github.com/NoTIPswe/notip-simulator-backend/internal/config/config.go:78.16,81.3 2 0
github.com/NoTIPswe/notip-simulator-backend/internal/config/config.go:82.2,82.10 1 0
github.com/NoTIPswe/notip-simulator-backend/internal/config/config.go:85.49,87.13 2 0
github.com/NoTIPswe/notip-simulator-backend/internal/config/config.go:87.13,89.3 1 0
github.com/NoTIPswe/notip-simulator-backend/internal/config/config.go:90.2,91.16 2 0
github.com/NoTIPswe/notip-simulator-backend/internal/config/config.go:91.16,94.3 2 0
github.com/NoTIPswe/notip-simulator-backend/internal/config/config.go:95.2,95.10 1 0
github.com/NoTIPswe/notip-simulator-backend/internal/domain/gateway.go:18.58,19.20 1 1
github.com/NoTIPswe/notip-simulator-backend/internal/domain/gateway.go:19.20,21.3 1 1
github.com/NoTIPswe/notip-simulator-backend/internal/domain/gateway.go:22.2,22.39 1 1
github.com/NoTIPswe/notip-simulator-backend/internal/domain/gateway.go:26.39,30.2 3 1
github.com/NoTIPswe/notip-simulator-backend/internal/fakes/fakes.go:26.43,28.2 1 0
github.com/NoTIPswe/notip-simulator-backend/internal/fakes/fakes.go:30.37,34.2 3 0
github.com/NoTIPswe/notip-simulator-backend/internal/fakes/fakes.go:36.46,40.2 3 0
github.com/NoTIPswe/notip-simulator-backend/internal/fakes/fakes.go:47.100,48.18 1 0
github.com/NoTIPswe/notip-simulator-backend/internal/fakes/fakes.go:48.18,50.3 1 0
github.com/NoTIPswe/notip-simulator-backend/internal/fakes/fakes.go:51.2,55.8 1 0
github.com/NoTIPswe/notip-simulator-backend/internal/fakes/fakes.go:73.90,76.18 3 0
github.com/NoTIPswe/notip-simulator-backend/internal/fakes/fakes.go:76.18,78.3 1 0
github.com/NoTIPswe/notip-simulator-backend/internal/fakes/fakes.go:79.2,80.12 2 0
github.com/NoTIPswe/notip-simulator-backend/internal/fakes/fakes.go:83.60,88.2 4 0
github.com/NoTIPswe/notip-simulator-backend/internal/fakes/fakes.go:90.39,95.2 4 0
github.com/NoTIPswe/notip-simulator-backend/internal/fakes/fakes.go:97.37,101.2 3 0
github.com/NoTIPswe/notip-simulator-backend/internal/fakes/fakes.go:103.46,107.2 3 0
github.com/NoTIPswe/notip-simulator-backend/internal/fakes/fakes.go:109.41,113.2 3 0
github.com/NoTIPswe/notip-simulator-backend/internal/fakes/fakes.go:121.60,123.2 1 0
github.com/NoTIPswe/notip-simulator-backend/internal/fakes/fakes.go:125.76,127.2 1 0
github.com/NoTIPswe/notip-simulator-backend/internal/fakes/fakes.go:129.49,134.2 4 0
github.com/NoTIPswe/notip-simulator-backend/internal/fakes/fakes.go:136.51,140.2 3 0
github.com/NoTIPswe/notip-simulator-backend/internal/fakes/fakes.go:150.154,154.18 3 0
github.com/NoTIPswe/notip-simulator-backend/internal/fakes/fakes.go:154.18,156.3 1 0
github.com/NoTIPswe/notip-simulator-backend/internal/fakes/fakes.go:157.2,157.24 1 0
github.com/NoTIPswe/notip-simulator-backend/internal/fakes/fakes.go:157.24,159.3 1 0
github.com/NoTIPswe/notip-simulator-backend/internal/fakes/fakes.go:160.2,160.27 1 0
github.com/NoTIPswe/notip-simulator-backend/internal/fakes/fakes.go:160.27,162.3 1 0
github.com/NoTIPswe/notip-simulator-backend/internal/fakes/fakes.go:163.2,163.41 1 0
github.com/NoTIPswe/notip-simulator-backend/internal/fakes/fakes.go:173.113,175.2 1 0
github.com/NoTIPswe/notip-simulator-backend/internal/fakes/fakes.go:200.46,207.2 1 0
github.com/NoTIPswe/notip-simulator-backend/internal/fakes/fakes.go:210.98,211.31 1 0
github.com/NoTIPswe/notip-simulator-backend/internal/fakes/fakes.go:211.31,213.3 1 0
github.com/NoTIPswe/notip-simulator-backend/internal/fakes/fakes.go:214.2,220.16 7 0
github.com/NoTIPswe/notip-simulator-backend/internal/fakes/fakes.go:223.96,224.28 1 0
github.com/NoTIPswe/notip-simulator-backend/internal/fakes/fakes.go:224.28,226.3 1 0
github.com/NoTIPswe/notip-simulator-backend/internal/fakes/fakes.go:227.2,230.9 4 0
github.com/NoTIPswe/notip-simulator-backend/internal/fakes/fakes.go:230.9,232.3 1 0
github.com/NoTIPswe/notip-simulator-backend/internal/fakes/fakes.go:233.2,234.17 2 0
github.com/NoTIPswe/notip-simulator-backend/internal/fakes/fakes.go:237.124,238.42 1 0
github.com/NoTIPswe/notip-simulator-backend/internal/fakes/fakes.go:238.42,240.3 1 0
github.com/NoTIPswe/notip-simulator-backend/internal/fakes/fakes.go:241.2,243.32 3 0
github.com/NoTIPswe/notip-simulator-backend/internal/fakes/fakes.go:243.32,244.45 1 0
github.com/NoTIPswe/notip-simulator-backend/internal/fakes/fakes.go:244.45,247.4 2 0
github.com/NoTIPswe/notip-simulator-backend/internal/fakes/fakes.go:249.2,249.75 1 0
github.com/NoTIPswe/notip-simulator-backend/internal/fakes/fakes.go:252.90,253.30 1 0
github.com/NoTIPswe/notip-simulator-backend/internal/fakes/fakes.go:253.30,255.3 1 0
github.com/NoTIPswe/notip-simulator-backend/internal/fakes/fakes.go:256.2,259.32 4 0
github.com/NoTIPswe/notip-simulator-backend/internal/fakes/fakes.go:259.32,261.3 1 0
github.com/NoTIPswe/notip-simulator-backend/internal/fakes/fakes.go:262.2,262.18 1 0
github.com/NoTIPswe/notip-simulator-backend/internal/fakes/fakes.go:265.112,266.35 1 0
github.com/NoTIPswe/notip-simulator-backend/internal/fakes/fakes.go:266.35,268.3 1 0
github.com/NoTIPswe/notip-simulator-backend/internal/fakes/fakes.go:269.2,272.9 4 0
github.com/NoTIPswe/notip-simulator-backend/internal/fakes/fakes.go:272.9,274.3 1 0
github.com/NoTIPswe/notip-simulator-backend/internal/fakes/fakes.go:275.2,279.12 5 0
github.com/NoTIPswe/notip-simulator-backend/internal/fakes/fakes.go:282.105,283.30 1 0
github.com/NoTIPswe/notip-simulator-backend/internal/fakes/fakes.go:283.30,285.3 1 0
github.com/NoTIPswe/notip-simulator-backend/internal/fakes/fakes.go:286.2,289.9 4 0
github.com/NoTIPswe/notip-simulator-backend/internal/fakes/fakes.go:289.9,291.3 1 0
github.com/NoTIPswe/notip-simulator-backend/internal/fakes/fakes.go:292.2,293.12 2 0
github.com/NoTIPswe/notip-simulator-backend/internal/fakes/fakes.go:296.101,297.39 1 0
github.com/NoTIPswe/notip-simulator-backend/internal/fakes/fakes.go:297.39,299.3 1 0
github.com/NoTIPswe/notip-simulator-backend/internal/fakes/fakes.go:300.2,303.9 4 0
github.com/NoTIPswe/notip-simulator-backend/internal/fakes/fakes.go:303.9,305.3 1 0
github.com/NoTIPswe/notip-simulator-backend/internal/fakes/fakes.go:306.2,307.12 2 0
github.com/NoTIPswe/notip-simulator-backend/internal/fakes/fakes.go:310.77,311.31 1 0
github.com/NoTIPswe/notip-simulator-backend/internal/fakes/fakes.go:311.31,313.3 1 0
github.com/NoTIPswe/notip-simulator-backend/internal/fakes/fakes.go:314.2,317.12 4 0
github.com/NoTIPswe/notip-simulator-backend/internal/fakes/fakes.go:321.100,322.30 1 0
github.com/NoTIPswe/notip-simulator-backend/internal/fakes/fakes.go:322.30,324.3 1 0
github.com/NoTIPswe/notip-simulator-backend/internal/fakes/fakes.go:325.2,331.16 7 0
github.com/NoTIPswe/notip-simulator-backend/internal/fakes/fakes.go:334.94,335.27 1 0
github.com/NoTIPswe/notip-simulator-backend/internal/fakes/fakes.go:335.27,337.3 1 0
github.com/NoTIPswe/notip-simulator-backend/internal/fakes/fakes.go:338.2,341.9 4 0
github.com/NoTIPswe/notip-simulator-backend/internal/fakes/fakes.go:341.9,343.3 1 0
github.com/NoTIPswe/notip-simulator-backend/internal/fakes/fakes.go:344.2,344.16 1 0
github.com/NoTIPswe/notip-simulator-backend/internal/fakes/fakes.go:347.105,348.29 1 0
github.com/NoTIPswe/notip-simulator-backend/internal/fakes/fakes.go:348.29,350.3 1 0
github.com/NoTIPswe/notip-simulator-backend/internal/fakes/fakes.go:351.2,354.31 4 0
github.com/NoTIPswe/notip-simulator-backend/internal/fakes/fakes.go:354.31,355.32 1 0
github.com/NoTIPswe/notip-simulator-backend/internal/fakes/fakes.go:355.32,357.4 1 0
github.com/NoTIPswe/notip-simulator-backend/internal/fakes/fakes.go:359.2,359.18 1 0
github.com/NoTIPswe/notip-simulator-backend/internal/fakes/fakes.go:362.76,363.30 1 0
github.com/NoTIPswe/notip-simulator-backend/internal/fakes/fakes.go:363.30,365.3 1 0
github.com/NoTIPswe/notip-simulator-backend/internal/fakes/fakes.go:366.2,369.12 4 0
github.com/NoTIPswe/notip-simulator-backend/internal/fakes/fakes.go:372.96,376.34 3 0
github.com/NoTIPswe/notip-simulator-backend/internal/fakes/fakes.go:376.34,379.3 2 0
github.com/NoTIPswe/notip-simulator-backend/internal/fakes/fakes.go:380.2,380.40 1 0
github.com/NoTIPswe/notip-simulator-backend/internal/fakes/fakes.go:391.40,395.2 3 0
github.com/NoTIPswe/notip-simulator-backend/internal/fakes/fakes.go:397.54,402.2 4 0
github.com/NoTIPswe/notip-simulator-backend/internal/fakes/fakes.go:416.136,417.31 1 0
github.com/NoTIPswe/notip-simulator-backend/internal/fakes/fakes.go:417.31,419.3 1 0
github.com/NoTIPswe/notip-simulator-backend/internal/fakes/fakes.go:420.2,420.34 1 0
github.com/NoTIPswe/notip-simulator-backend/internal/fakes/fakes.go:423.141,424.35 1 0
github.com/NoTIPswe/notip-simulator-backend/internal/fakes/fakes.go:424.35,426.3 1 0
github.com/NoTIPswe/notip-simulator-backend/internal/fakes/fakes.go:427.2,427.17 1 0
github.com/NoTIPswe/notip-simulator-backend/internal/fakes/fakes.go:430.96,431.22 1 0
github.com/NoTIPswe/notip-simulator-backend/internal/fakes/fakes.go:431.22,433.3 1 0
github.com/NoTIPswe/notip-simulator-backend/internal/fakes/fakes.go:434.2,434.12 1 0
github.com/NoTIPswe/notip-simulator-backend/internal/fakes/fakes.go:437.95,438.21 1 0
github.com/NoTIPswe/notip-simulator-backend/internal/fakes/fakes.go:438.21,440.3 1 0
github.com/NoTIPswe/notip-simulator-backend/internal/fakes/fakes.go:441.2,441.12 1 0
github.com/NoTIPswe/notip-simulator-backend/internal/fakes/fakes.go:444.103,445.29 1 0
github.com/NoTIPswe/notip-simulator-backend/internal/fakes/fakes.go:445.29,447.3 1 0
github.com/NoTIPswe/notip-simulator-backend/internal/fakes/fakes.go:448.2,448.12 1 0
github.com/NoTIPswe/notip-simulator-backend/internal/fakes/fakes.go:451.103,452.29 1 0
github.com/NoTIPswe/notip-simulator-backend/internal/fakes/fakes.go:452.29,454.3 1 0
github.com/NoTIPswe/notip-simulator-backend/internal/fakes/fakes.go:455.2,455.17 1 0
github.com/NoTIPswe/notip-simulator-backend/internal/fakes/fakes.go:458.123,459.27 1 0
github.com/NoTIPswe/notip-simulator-backend/internal/fakes/fakes.go:459.27,461.3 1 0
github.com/NoTIPswe/notip-simulator-backend/internal/fakes/fakes.go:462.2,462.67 1 0
github.com/NoTIPswe/notip-simulator-backend/internal/fakes/fakes.go:472.139,473.26 1 0
github.com/NoTIPswe/notip-simulator-backend/internal/fakes/fakes.go:473.26,475.3 1 0
github.com/NoTIPswe/notip-simulator-backend/internal/fakes/fakes.go:476.2,476.21 1 0
github.com/NoTIPswe/notip-simulator-backend/internal/fakes/fakes.go:479.118,480.28 1 0
github.com/NoTIPswe/notip-simulator-backend/internal/fakes/fakes.go:480.28,482.3 1 0
github.com/NoTIPswe/notip-simulator-backend/internal/fakes/fakes.go:483.2,483.42 1 0
github.com/NoTIPswe/notip-simulator-backend/internal/fakes/fakes.go:486.95,487.29 1 0
github.com/NoTIPswe/notip-simulator-backend/internal/fakes/fakes.go:487.29,489.3 1 0
github.com/NoTIPswe/notip-simulator-backend/internal/fakes/fakes.go:490.2,490.12 1 0
github.com/NoTIPswe/notip-simulator-backend/internal/fakes/fakes.go:500.138,501.29 1 0
github.com/NoTIPswe/notip-simulator-backend/internal/fakes/fakes.go:501.29,503.3 1 0
github.com/NoTIPswe/notip-simulator-backend/internal/fakes/fakes.go:504.2,504.12 1 0
github.com/NoTIPswe/notip-simulator-backend/internal/fakes/fakes.go:507.145,508.37 1 0
github.com/NoTIPswe/notip-simulator-backend/internal/fakes/fakes.go:508.37,510.3 1 0
github.com/NoTIPswe/notip-simulator-backend/internal/fakes/fakes.go:511.2,511.12 1 0
github.com/NoTIPswe/notip-simulator-backend/internal/fakes/fakes.go:514.118,515.36 1 0
github.com/NoTIPswe/notip-simulator-backend/internal/fakes/fakes.go:515.36,517.3 1 0
github.com/NoTIPswe/notip-simulator-backend/internal/fakes/fakes.go:518.2,518.12 1 0
github.com/NoTIPswe/notip-simulator-backend/internal/fakes/fakes.go:527.98,531.2 3 0
github.com/NoTIPswe/notip-simulator-backend/internal/generator/constant.go:11.64,16.2 2 0
github.com/NoTIPswe/notip-simulator-backend/internal/generator/constant.go:18.44,22.30 3 0
github.com/NoTIPswe/notip-simulator-backend/internal/generator/constant.go:22.30,26.3 3 0
github.com/NoTIPswe/notip-simulator-backend/internal/generator/constant.go:27.2,27.16 1 0
github.com/NoTIPswe/notip-simulator-backend/internal/generator/constant.go:30.58,35.2 3 0
github.com/NoTIPswe/notip-simulator-backend/internal/generator/factory.go:10.46,12.2 1 0
github.com/NoTIPswe/notip-simulator-backend/internal/generator/factory.go:14.87,15.26 1 0
github.com/NoTIPswe/notip-simulator-backend/internal/generator/factory.go:16.23,17.64 1 0
github.com/NoTIPswe/notip-simulator-backend/internal/generator/factory.go:18.23,19.77 1 0
github.com/NoTIPswe/notip-simulator-backend/internal/generator/factory.go:20.20,21.71 1 0
github.com/NoTIPswe/notip-simulator-backend/internal/generator/factory.go:22.28,23.14 1 0
github.com/NoTIPswe/notip-simulator-backend/internal/generator/factory.go:24.10,25.69 1 0
github.com/NoTIPswe/notip-simulator-backend/internal/generator/sine.go:21.89,22.17 1 0
github.com/NoTIPswe/notip-simulator-backend/internal/generator/sine.go:22.17,24.3 1 0
github.com/NoTIPswe/notip-simulator-backend/internal/generator/sine.go:25.2,31.3 1 0
github.com/NoTIPswe/notip-simulator-backend/internal/generator/sine.go:34.44,38.30 3 0
github.com/NoTIPswe/notip-simulator-backend/internal/generator/sine.go:38.30,42.3 3 0
github.com/NoTIPswe/notip-simulator-backend/internal/generator/sine.go:44.2,48.14 5 0
github.com/NoTIPswe/notip-simulator-backend/internal/generator/sine.go:51.58,55.2 3 0
github.com/NoTIPswe/notip-simulator-backend/internal/generator/spike.go:17.72,24.2 1 0
github.com/NoTIPswe/notip-simulator-backend/internal/generator/spike.go:26.41,30.30 3 0
github.com/NoTIPswe/notip-simulator-backend/internal/generator/spike.go:30.30,34.3 3 0
github.com/NoTIPswe/notip-simulator-backend/internal/generator/spike.go:36.2,36.39 1 0
github.com/NoTIPswe/notip-simulator-backend/internal/generator/spike.go:36.39,38.27 2 0
github.com/NoTIPswe/notip-simulator-backend/internal/generator/spike.go:38.27,40.4 1 0
github.com/NoTIPswe/notip-simulator-backend/internal/generator/spike.go:41.3,41.46 1 0
github.com/NoTIPswe/notip-simulator-backend/internal/generator/spike.go:44.2,44.60 1 0
github.com/NoTIPswe/notip-simulator-backend/internal/generator/spike.go:47.55,51.2 3 0
github.com/NoTIPswe/notip-simulator-backend/internal/generator/uniform.go:15.84,20.2 1 0
github.com/NoTIPswe/notip-simulator-backend/internal/generator/uniform.go:22.49,26.30 3 0
github.com/NoTIPswe/notip-simulator-backend/internal/generator/uniform.go:26.30,30.3 3 0
github.com/NoTIPswe/notip-simulator-backend/internal/generator/uniform.go:32.2,32.60 1 0
github.com/NoTIPswe/notip-simulator-backend/internal/generator/uniform.go:35.63,40.2 3 0
github.com/NoTIPswe/notip-simulator-backend/internal/health/handler.go:12.54,16.2 3 0
github.com/NoTIPswe/notip-simulator-backend/internal/metrics/metrics.go:20.28,55.2 1 0
github.com/NoTIPswe/notip-simulator-backend/internal/metrics/metrics.go:59.32,74.2 3 0
github.com/NoTIPswe/notip-simulator-backend/main.go:13.13,20.37 5 0
github.com/NoTIPswe/notip-simulator-backend/main.go:20.37,23.3 2 0
github.com/NoTIPswe/notip-simulator-backend/internal/adapters/clock.go:7.38,9.2 1 0
github.com/NoTIPswe/notip-simulator-backend/internal/adapters/encryptor.go:16.106,18.16 2 0
github.com/NoTIPswe/notip-simulator-backend/internal/adapters/encryptor.go:18.16,20.3 1 0
github.com/NoTIPswe/notip-simulator-backend/internal/adapters/encryptor.go:22.2,23.16 2 0
github.com/NoTIPswe/notip-simulator-backend/internal/adapters/encryptor.go:23.16,25.3 1 0
github.com/NoTIPswe/notip-simulator-backend/internal/adapters/encryptor.go:27.2,28.56 2 0
github.com/NoTIPswe/notip-simulator-backend/internal/adapters/encryptor.go:28.56,30.3 1 0
github.com/NoTIPswe/notip-simulator-backend/internal/adapters/encryptor.go:32.2,43.8 5 0
github.com/NoTIPswe/notip-simulator-backend/internal/adapters/http/anomaly_handler.go:17.79,19.2 1 0
github.com/NoTIPswe/notip-simulator-backend/internal/adapters/http/anomaly_handler.go:21.91,23.16 2 0
github.com/NoTIPswe/notip-simulator-backend/internal/adapters/http/anomaly_handler.go:23.16,26.3 2 0
github.com/NoTIPswe/notip-simulator-backend/internal/adapters/http/anomaly_handler.go:28.2,33.61 3 0
github.com/NoTIPswe/notip-simulator-backend/internal/adapters/http/anomaly_handler.go:33.61,36.3 2 0
github.com/NoTIPswe/notip-simulator-backend/internal/adapters/http/anomaly_handler.go:38.2,38.28 1 0
github.com/NoTIPswe/notip-simulator-backend/internal/adapters/http/anomaly_handler.go:38.28,40.3 1 0
github.com/NoTIPswe/notip-simulator-backend/internal/adapters/http/anomaly_handler.go:42.2,50.77 2 0
github.com/NoTIPswe/notip-simulator-backend/internal/adapters/http/anomaly_handler.go:50.77,53.3 2 0
github.com/NoTIPswe/notip-simulator-backend/internal/adapters/http/anomaly_handler.go:54.2,54.37 1 0
github.com/NoTIPswe/notip-simulator-backend/internal/adapters/http/anomaly_handler.go:57.83,59.16 2 0
github.com/NoTIPswe/notip-simulator-backend/internal/adapters/http/anomaly_handler.go:59.16,62.3 2 0
github.com/NoTIPswe/notip-simulator-backend/internal/adapters/http/anomaly_handler.go:64.2,68.61 3 0
github.com/NoTIPswe/notip-simulator-backend/internal/adapters/http/anomaly_handler.go:68.61,71.3 2 0
github.com/NoTIPswe/notip-simulator-backend/internal/adapters/http/anomaly_handler.go:73.2,73.30 1 0
github.com/NoTIPswe/notip-simulator-backend/internal/adapters/http/anomaly_handler.go:73.30,76.3 2 0
github.com/NoTIPswe/notip-simulator-backend/internal/adapters/http/anomaly_handler.go:78.2,85.77 2 0
github.com/NoTIPswe/notip-simulator-backend/internal/adapters/http/anomaly_handler.go:85.77,88.3 2 0
github.com/NoTIPswe/notip-simulator-backend/internal/adapters/http/anomaly_handler.go:89.2,89.37 1 0
github.com/NoTIPswe/notip-simulator-backend/internal/adapters/http/anomaly_handler.go:92.80,94.16 2 0
github.com/NoTIPswe/notip-simulator-backend/internal/adapters/http/anomaly_handler.go:94.16,97.3 2 0
github.com/NoTIPswe/notip-simulator-backend/internal/adapters/http/anomaly_handler.go:99.2,103.61 3 0
github.com/NoTIPswe/notip-simulator-backend/internal/adapters/http/anomaly_handler.go:103.61,106.3 2 0
github.com/NoTIPswe/notip-simulator-backend/internal/adapters/http/anomaly_handler.go:108.2,108.88 1 0
github.com/NoTIPswe/notip-simulator-backend/internal/adapters/http/anomaly_handler.go:108.88,111.3 2 0
github.com/NoTIPswe/notip-simulator-backend/internal/adapters/http/anomaly_handler.go:113.2,113.37 1 0
github.com/NoTIPswe/notip-simulator-backend/internal/adapters/http/errors.go:13.51,14.9 1 0
github.com/NoTIPswe/notip-simulator-backend/internal/adapters/http/errors.go:15.49,16.50 1 0
github.com/NoTIPswe/notip-simulator-backend/internal/adapters/http/errors.go:17.48,18.50 1 0
github.com/NoTIPswe/notip-simulator-backend/internal/adapters/http/errors.go:19.55,20.50 1 0
github.com/NoTIPswe/notip-simulator-backend/internal/adapters/http/errors.go:21.10,23.73 2 0
github.com/NoTIPswe/notip-simulator-backend/internal/adapters/http/gateway_handler.go:24.81,28.2 1 0
github.com/NoTIPswe/notip-simulator-backend/internal/adapters/http/gateway_handler.go:30.73,33.61 3 0
github.com/NoTIPswe/notip-simulator-backend/internal/adapters/http/gateway_handler.go:33.61,36.3 2 0
github.com/NoTIPswe/notip-simulator-backend/internal/adapters/http/gateway_handler.go:38.2,39.16 2 0
github.com/NoTIPswe/notip-simulator-backend/internal/adapters/http/gateway_handler.go:39.16,42.3 2 0
github.com/NoTIPswe/notip-simulator-backend/internal/adapters/http/gateway_handler.go:44.2,46.77 3 0
github.com/NoTIPswe/notip-simulator-backend/internal/adapters/http/gateway_handler.go:46.77,48.3 1 0
github.com/NoTIPswe/notip-simulator-backend/internal/adapters/http/gateway_handler.go:51.72,53.16 2 0
github.com/NoTIPswe/notip-simulator-backend/internal/adapters/http/gateway_handler.go:53.16,56.3 2 0
github.com/NoTIPswe/notip-simulator-backend/internal/adapters/http/gateway_handler.go:58.2,58.59 1 0
github.com/NoTIPswe/notip-simulator-backend/internal/adapters/http/gateway_handler.go:58.59,61.3 2 0
github.com/NoTIPswe/notip-simulator-backend/internal/adapters/http/gateway_handler.go:62.2,62.37 1 0
github.com/NoTIPswe/notip-simulator-backend/internal/adapters/http/gateway_handler.go:65.71,67.16 2 0
github.com/NoTIPswe/notip-simulator-backend/internal/adapters/http/gateway_handler.go:67.16,70.3 2 0
github.com/NoTIPswe/notip-simulator-backend/internal/adapters/http/gateway_handler.go:72.2,72.58 1 0
github.com/NoTIPswe/notip-simulator-backend/internal/adapters/http/gateway_handler.go:72.58,75.3 2 0
github.com/NoTIPswe/notip-simulator-backend/internal/adapters/http/gateway_handler.go:76.2,76.37 1 0
github.com/NoTIPswe/notip-simulator-backend/internal/adapters/http/gateway_handler.go:79.79,81.16 2 0
github.com/NoTIPswe/notip-simulator-backend/internal/adapters/http/gateway_handler.go:81.16,84.3 2 0
github.com/NoTIPswe/notip-simulator-backend/internal/adapters/http/gateway_handler.go:86.2,86.66 1 0
github.com/NoTIPswe/notip-simulator-backend/internal/adapters/http/gateway_handler.go:86.66,89.3 2 0
github.com/NoTIPswe/notip-simulator-backend/internal/adapters/http/gateway_handler.go:90.2,90.37 1 0
github.com/NoTIPswe/notip-simulator-backend/internal/adapters/http/gateway_handler.go:93.71,95.16 2 0
github.com/NoTIPswe/notip-simulator-backend/internal/adapters/http/gateway_handler.go:95.16,98.3 2 0
github.com/NoTIPswe/notip-simulator-backend/internal/adapters/http/gateway_handler.go:100.2,101.87 2 0
[...]
github.com/NoTIPswe/notip-simulator-backend/internal/app/worker.go:288.80,291.18 2 1
github.com/NoTIPswe/notip-simulator-backend/internal/app/worker.go:292.33,293.36 1 1
github.com/NoTIPswe/notip-simulator-backend/internal/app/worker.go:293.36,296.18 3 1
github.com/NoTIPswe/notip-simulator-backend/internal/app/worker.go:296.18,298.5 1 1
github.com/NoTIPswe/notip-simulator-backend/internal/app/worker.go:299.4,299.30 1 1
github.com/NoTIPswe/notip-simulator-backend/internal/app/worker.go:302.25,303.28 1 1
github.com/NoTIPswe/notip-simulator-backend/internal/app/worker.go:303.28,305.4 1 1
github.com/NoTIPswe/notip-simulator-backend/internal/app/worker.go:307.3,307.52 1 1
github.com/NoTIPswe/notip-simulator-backend/internal/app/worker.go:307.52,309.4 1 1
github.com/NoTIPswe/notip-simulator-backend/internal/app/worker.go:311.2,311.25 1 1
github.com/NoTIPswe/notip-simulator-backend/internal/app/worker.go:314.122,325.2 1 1
github.com/NoTIPswe/notip-simulator-backend/internal/app/worker.go:327.96,330.2 2 1
github.com/NoTIPswe/notip-simulator-backend/internal/app/worker.go:332.132,333.18 1 1
github.com/NoTIPswe/notip-simulator-backend/internal/app/worker.go:334.27,335.55 1 1
github.com/NoTIPswe/notip-simulator-backend/internal/app/worker.go:336.27,337.55 1 1
github.com/NoTIPswe/notip-simulator-backend/internal/app/worker.go:338.10,339.57 1 1
github.com/NoTIPswe/notip-simulator-backend/internal/app/worker.go:343.123,345.52 2 1
github.com/NoTIPswe/notip-simulator-backend/internal/app/worker.go:345.52,347.3 1 1
github.com/NoTIPswe/notip-simulator-backend/internal/app/worker.go:349.2,349.30 1 1
github.com/NoTIPswe/notip-simulator-backend/internal/app/worker.go:349.30,350.30 1 1
github.com/NoTIPswe/notip-simulator-backend/internal/app/worker.go:350.30,352.4 1 0
github.com/NoTIPswe/notip-simulator-backend/internal/app/worker.go:353.3,353.88 1 1
github.com/NoTIPswe/notip-simulator-backend/internal/app/worker.go:353.88,355.4 1 0
github.com/NoTIPswe/notip-simulator-backend/internal/app/worker.go:358.2,358.21 1 1
github.com/NoTIPswe/notip-simulator-backend/internal/app/worker.go:358.21,359.76 1 1
github.com/NoTIPswe/notip-simulator-backend/internal/app/worker.go:359.76,361.4 1 1
github.com/NoTIPswe/notip-simulator-backend/internal/app/worker.go:364.2,365.9 2 1
github.com/NoTIPswe/notip-simulator-backend/internal/app/worker.go:366.28,367.25 1 1
github.com/NoTIPswe/notip-simulator-backend/internal/app/worker.go:368.10,369.56 1 1
github.com/NoTIPswe/notip-simulator-backend/internal/app/worker.go:373.123,375.52 2 1
github.com/NoTIPswe/notip-simulator-backend/internal/app/worker.go:375.52,377.3 1 0
github.com/NoTIPswe/notip-simulator-backend/internal/app/worker.go:379.2,379.29 1 1
github.com/NoTIPswe/notip-simulator-backend/internal/app/worker.go:379.29,381.3 1 0
github.com/NoTIPswe/notip-simulator-backend/internal/app/worker.go:383.2,383.92 1 1
github.com/NoTIPswe/notip-simulator-backend/internal/app/worker.go:383.92,385.3 1 1
github.com/NoTIPswe/notip-simulator-backend/internal/app/worker.go:387.2,387.24 1 1
github.com/NoTIPswe/notip-simulator-backend/internal/app/worker.go:390.37,392.2 1 1
github.com/NoTIPswe/notip-simulator-backend/internal/app/worker.go:394.121,403.16 3 1
github.com/NoTIPswe/notip-simulator-backend/internal/app/worker.go:403.16,406.3 2 0
github.com/NoTIPswe/notip-simulator-backend/internal/app/worker.go:408.2,410.67 2 1
github.com/NoTIPswe/notip-simulator-backend/internal/app/worker.go:410.67,412.3 1 0
github.com/NoTIPswe/notip-simulator-backend/internal/config/config.go:22.30,34.31 3 1
github.com/NoTIPswe/notip-simulator-backend/internal/config/config.go:34.31,36.3 1 1
github.com/NoTIPswe/notip-simulator-backend/internal/config/config.go:37.2,37.23 1 1
github.com/NoTIPswe/notip-simulator-backend/internal/config/config.go:37.23,39.3 1 1
github.com/NoTIPswe/notip-simulator-backend/internal/config/config.go:40.2,40.30 1 1
github.com/NoTIPswe/notip-simulator-backend/internal/config/config.go:40.30,42.3 1 1
github.com/NoTIPswe/notip-simulator-backend/internal/config/config.go:44.2,44.19 1 1
github.com/NoTIPswe/notip-simulator-backend/internal/config/config.go:44.19,46.3 1 1
github.com/NoTIPswe/notip-simulator-backend/internal/config/config.go:48.2,52.37 4 1
github.com/NoTIPswe/notip-simulator-backend/internal/config/config.go:52.37,55.3 2 0
github.com/NoTIPswe/notip-simulator-backend/internal/config/config.go:57.2,57.32 1 1
github.com/NoTIPswe/notip-simulator-backend/internal/config/config.go:57.32,60.3 2 0
github.com/NoTIPswe/notip-simulator-backend/internal/config/config.go:62.2,62.17 1 1
github.com/NoTIPswe/notip-simulator-backend/internal/config/config.go:65.42,66.34 1 1
github.com/NoTIPswe/notip-simulator-backend/internal/config/config.go:66.34,68.3 1 1
github.com/NoTIPswe/notip-simulator-backend/internal/config/config.go:69.2,69.17 1 1
github.com/NoTIPswe/notip-simulator-backend/internal/config/config.go:72.46,74.13 2 1
github.com/NoTIPswe/notip-simulator-backend/internal/config/config.go:74.13,76.3 1 1
github.com/NoTIPswe/notip-simulator-backend/internal/config/config.go:77.2,78.16 2 0
github.com/NoTIPswe/notip-simulator-backend/internal/config/config.go:78.16,81.3 2 0
github.com/NoTIPswe/notip-simulator-backend/internal/config/config.go:82.2,82.10 1 0
github.com/NoTIPswe/notip-simulator-backend/internal/config/config.go:85.49,87.13 2 1
github.com/NoTIPswe/notip-simulator-backend/internal/config/config.go:87.13,89.3 1 1
github.com/NoTIPswe/notip-simulator-backend/internal/config/config.go:90.2,91.16 2 0
github.com/NoTIPswe/notip-simulator-backend/internal/config/config.go:91.16,94.3 2 0
github.com/NoTIPswe/notip-simulator-backend/internal/config/config.go:95.2,95.10 1 0
github.com/NoTIPswe/notip-simulator-backend/internal/domain/gateway.go:18.58,19.20 1 1
github.com/NoTIPswe/notip-simulator-backend/internal/domain/gateway.go:19.20,21.3 1 0
github.com/NoTIPswe/notip-simulator-backend/internal/domain/gateway.go:22.2,22.39 1 1
github.com/NoTIPswe/notip-simulator-backend/internal/domain/gateway.go:26.39,30.2 3 0
github.com/NoTIPswe/notip-simulator-backend/internal/fakes/fakes.go:26.43,28.2 1 1
github.com/NoTIPswe/notip-simulator-backend/internal/fakes/fakes.go:30.37,34.2 3 1
github.com/NoTIPswe/notip-simulator-backend/internal/fakes/fakes.go:36.46,40.2 3 0
github.com/NoTIPswe/notip-simulator-backend/internal/fakes/fakes.go:47.100,48.18 1 1
github.com/NoTIPswe/notip-simulator-backend/internal/fakes/fakes.go:48.18,50.3 1 1
github.com/NoTIPswe/notip-simulator-backend/internal/fakes/fakes.go:51.2,55.8 1 1
github.com/NoTIPswe/notip-simulator-backend/internal/fakes/fakes.go:73.90,76.18 3 1
github.com/NoTIPswe/notip-simulator-backend/internal/fakes/fakes.go:76.18,78.3 1 1
github.com/NoTIPswe/notip-simulator-backend/internal/fakes/fakes.go:79.2,80.12 2 1
github.com/NoTIPswe/notip-simulator-backend/internal/fakes/fakes.go:83.60,88.2 4 1
github.com/NoTIPswe/notip-simulator-backend/internal/fakes/fakes.go:90.39,95.2 4 1
github.com/NoTIPswe/notip-simulator-backend/internal/fakes/fakes.go:97.37,101.2 3 1
github.com/NoTIPswe/notip-simulator-backend/internal/fakes/fakes.go:103.46,107.2 3 1
github.com/NoTIPswe/notip-simulator-backend/internal/fakes/fakes.go:109.41,113.2 3 1
github.com/NoTIPswe/notip-simulator-backend/internal/fakes/fakes.go:121.60,123.2 1 1
github.com/NoTIPswe/notip-simulator-backend/internal/fakes/fakes.go:125.76,127.2 1 1
github.com/NoTIPswe/notip-simulator-backend/internal/fakes/fakes.go:129.49,134.2 4 1
github.com/NoTIPswe/notip-simulator-backend/internal/fakes/fakes.go:136.51,140.2 3 0
github.com/NoTIPswe/notip-simulator-backend/internal/fakes/fakes.go:150.154,154.18 3 1
github.com/NoTIPswe/notip-simulator-backend/internal/fakes/fakes.go:154.18,156.3 1 1
github.com/NoTIPswe/notip-simulator-backend/internal/fakes/fakes.go:157.2,157.24 1 1
github.com/NoTIPswe/notip-simulator-backend/internal/fakes/fakes.go:157.24,159.3 1 1
github.com/NoTIPswe/notip-simulator-backend/internal/fakes/fakes.go:160.2,160.27 1 1
github.com/NoTIPswe/notip-simulator-backend/internal/fakes/fakes.go:160.27,162.3 1 1
github.com/NoTIPswe/notip-simulator-backend/internal/fakes/fakes.go:163.2,163.41 1 1
github.com/NoTIPswe/notip-simulator-backend/internal/fakes/fakes.go:173.113,175.2 1 1
github.com/NoTIPswe/notip-simulator-backend/internal/fakes/fakes.go:200.46,207.2 1 1
github.com/NoTIPswe/notip-simulator-backend/internal/fakes/fakes.go:210.98,211.31 1 1
github.com/NoTIPswe/notip-simulator-backend/internal/fakes/fakes.go:211.31,213.3 1 0
github.com/NoTIPswe/notip-simulator-backend/internal/fakes/fakes.go:214.2,220.16 7 1
github.com/NoTIPswe/notip-simulator-backend/internal/fakes/fakes.go:223.96,224.28 1 0
github.com/NoTIPswe/notip-simulator-backend/internal/fakes/fakes.go:224.28,226.3 1 0
github.com/NoTIPswe/notip-simulator-backend/internal/fakes/fakes.go:227.2,230.9 4 0
github.com/NoTIPswe/notip-simulator-backend/internal/fakes/fakes.go:230.9,232.3 1 0
github.com/NoTIPswe/notip-simulator-backend/internal/fakes/fakes.go:233.2,234.17 2 0
github.com/NoTIPswe/notip-simulator-backend/internal/fakes/fakes.go:237.124,238.42 1 1
github.com/NoTIPswe/notip-simulator-backend/internal/fakes/fakes.go:238.42,240.3 1 0
github.com/NoTIPswe/notip-simulator-backend/internal/fakes/fakes.go:241.2,243.32 3 1
github.com/NoTIPswe/notip-simulator-backend/internal/fakes/fakes.go:243.32,244.45 1 1
github.com/NoTIPswe/notip-simulator-backend/internal/fakes/fakes.go:244.45,247.4 2 1
github.com/NoTIPswe/notip-simulator-backend/internal/fakes/fakes.go:249.2,249.75 1 1
github.com/NoTIPswe/notip-simulator-backend/internal/fakes/fakes.go:252.90,253.30 1 1
github.com/NoTIPswe/notip-simulator-backend/internal/fakes/fakes.go:253.30,255.3 1 1
github.com/NoTIPswe/notip-simulator-backend/internal/fakes/fakes.go:256.2,259.32 4 1
github.com/NoTIPswe/notip-simulator-backend/internal/fakes/fakes.go:259.32,261.3 1 1
github.com/NoTIPswe/notip-simulator-backend/internal/fakes/fakes.go:262.2,262.18 1 1
github.com/NoTIPswe/notip-simulator-backend/internal/fakes/fakes.go:265.112,266.35 1 0
github.com/NoTIPswe/notip-simulator-backend/internal/fakes/fakes.go:266.35,268.3 1 0
github.com/NoTIPswe/notip-simulator-backend/internal/fakes/fakes.go:269.2,272.9 4 0
github.com/NoTIPswe/notip-simulator-backend/internal/fakes/fakes.go:272.9,274.3 1 0
github.com/NoTIPswe/notip-simulator-backend/internal/fakes/fakes.go:275.2,279.12 5 0
github.com/NoTIPswe/notip-simulator-backend/internal/fakes/fakes.go:282.105,283.30 1 1
github.com/NoTIPswe/notip-simulator-backend/internal/fakes/fakes.go:283.30,285.3 1 1
github.com/NoTIPswe/notip-simulator-backend/internal/fakes/fakes.go:286.2,289.9 4 1
github.com/NoTIPswe/notip-simulator-backend/internal/fakes/fakes.go:289.9,291.3 1 0
github.com/NoTIPswe/notip-simulator-backend/internal/fakes/fakes.go:292.2,293.12 2 1
github.com/NoTIPswe/notip-simulator-backend/internal/fakes/fakes.go:296.101,297.39 1 1
github.com/NoTIPswe/notip-simulator-backend/internal/fakes/fakes.go:297.39,299.3 1 1
github.com/NoTIPswe/notip-simulator-backend/internal/fakes/fakes.go:300.2,303.9 4 1
github.com/NoTIPswe/notip-simulator-backend/internal/fakes/fakes.go:303.9,305.3 1 0
github.com/NoTIPswe/notip-simulator-backend/internal/fakes/fakes.go:306.2,307.12 2 1
github.com/NoTIPswe/notip-simulator-backend/internal/fakes/fakes.go:310.77,311.31 1 1
github.com/NoTIPswe/notip-simulator-backend/internal/fakes/fakes.go:311.31,313.3 1 1
github.com/NoTIPswe/notip-simulator-backend/internal/fakes/fakes.go:314.2,317.12 4 1
github.com/NoTIPswe/notip-simulator-backend/internal/fakes/fakes.go:321.100,322.30 1 1
github.com/NoTIPswe/notip-simulator-backend/internal/fakes/fakes.go:322.30,324.3 1 1
github.com/NoTIPswe/notip-simulator-backend/internal/fakes/fakes.go:325.2,331.16 7 1
github.com/NoTIPswe/notip-simulator-backend/internal/fakes/fakes.go:334.94,335.27 1 1
github.com/NoTIPswe/notip-simulator-backend/internal/fakes/fakes.go:335.27,337.3 1 0
github.com/NoTIPswe/notip-simulator-backend/internal/fakes/fakes.go:338.2,341.9 4 1
github.com/NoTIPswe/notip-simulator-backend/internal/fakes/fakes.go:341.9,343.3 1 1
github.com/NoTIPswe/notip-simulator-backend/internal/fakes/fakes.go:344.2,344.16 1 1
github.com/NoTIPswe/notip-simulator-backend/internal/fakes/fakes.go:347.105,348.29 1 1
github.com/NoTIPswe/notip-simulator-backend/internal/fakes/fakes.go:348.29,350.3 1 1
github.com/NoTIPswe/notip-simulator-backend/internal/fakes/fakes.go:351.2,354.31 4 1
github.com/NoTIPswe/notip-simulator-backend/internal/fakes/fakes.go:354.31,355.32 1 1
github.com/NoTIPswe/notip-simulator-backend/internal/fakes/fakes.go:355.32,357.4 1 1
github.com/NoTIPswe/notip-simulator-backend/internal/fakes/fakes.go:359.2,359.18 1 1
github.com/NoTIPswe/notip-simulator-backend/internal/fakes/fakes.go:362.76,363.30 1 1
github.com/NoTIPswe/notip-simulator-backend/internal/fakes/fakes.go:363.30,365.3 1 1
github.com/NoTIPswe/notip-simulator-backend/internal/fakes/fakes.go:366.2,369.12 4 1
github.com/NoTIPswe/notip-simulator-backend/internal/fakes/fakes.go:372.96,376.34 3 1
github.com/NoTIPswe/notip-simulator-backend/internal/fakes/fakes.go:376.34,379.3 2 1
github.com/NoTIPswe/notip-simulator-backend/internal/fakes/fakes.go:380.2,380.40 1 0
github.com/NoTIPswe/notip-simulator-backend/internal/fakes/fakes.go:391.40,395.2 3 0
github.com/NoTIPswe/notip-simulator-backend/internal/fakes/fakes.go:397.54,402.2 4 0
github.com/NoTIPswe/notip-simulator-backend/internal/fakes/fakes.go:416.136,417.31 1 0
github.com/NoTIPswe/notip-simulator-backend/internal/fakes/fakes.go:417.31,419.3 1 0
github.com/NoTIPswe/notip-simulator-backend/internal/fakes/fakes.go:420.2,420.34 1 0
github.com/NoTIPswe/notip-simulator-backend/internal/fakes/fakes.go:423.141,424.35 1 0
github.com/NoTIPswe/notip-simulator-backend/internal/fakes/fakes.go:424.35,426.3 1 0
github.com/NoTIPswe/notip-simulator-backend/internal/fakes/fakes.go:427.2,427.17 1 0
github.com/NoTIPswe/notip-simulator-backend/internal/fakes/fakes.go:430.96,431.22 1 0
github.com/NoTIPswe/notip-simulator-backend/internal/fakes/fakes.go:431.22,433.3 1 0
github.com/NoTIPswe/notip-simulator-backend/internal/fakes/fakes.go:434.2,434.12 1 0
github.com/NoTIPswe/notip-simulator-backend/internal/fakes/fakes.go:437.95,438.21 1 0
github.com/NoTIPswe/notip-simulator-backend/internal/fakes/fakes.go:438.21,440.3 1 0
github.com/NoTIPswe/notip-simulator-backend/internal/fakes/fakes.go:441.2,441.12 1 0
github.com/NoTIPswe/notip-simulator-backend/internal/fakes/fakes.go:444.103,445.29 1 0
github.com/NoTIPswe/notip-simulator-backend/internal/fakes/fakes.go:445.29,447.3 1 0
github.com/NoTIPswe/notip-simulator-backend/internal/fakes/fakes.go:448.2,448.12 1 0
github.com/NoTIPswe/notip-simulator-backend/internal/fakes/fakes.go:451.103,452.29 1 0
github.com/NoTIPswe/notip-simulator-backend/internal/fakes/fakes.go:452.29,454.3 1 0
github.com/NoTIPswe/notip-simulator-backend/internal/fakes/fakes.go:455.2,455.17 1 0
github.com/NoTIPswe/notip-simulator-backend/internal/fakes/fakes.go:458.123,459.27 1 0
github.com/NoTIPswe/notip-simulator-backend/internal/fakes/fakes.go:459.27,461.3 1 0
github.com/NoTIPswe/notip-simulator-backend/internal/fakes/fakes.go:462.2,462.67 1 0
github.com/NoTIPswe/notip-simulator-backend/internal/fakes/fakes.go:472.139,473.26 1 0
github.com/NoTIPswe/notip-simulator-backend/internal/fakes/fakes.go:473.26,475.3 1 0
github.com/NoTIPswe/notip-simulator-backend/internal/fakes/fakes.go:476.2,476.21 1 0
github.com/NoTIPswe/notip-simulator-backend/internal/fakes/fakes.go:479.118,480.28 1 0
github.com/NoTIPswe/notip-simulator-backend/internal/fakes/fakes.go:480.28,482.3 1 0
github.com/NoTIPswe/notip-simulator-backend/internal/fakes/fakes.go:483.2,483.42 1 0
github.com/NoTIPswe/notip-simulator-backend/internal/fakes/fakes.go:486.95,487.29 1 0
github.com/NoTIPswe/notip-simulator-backend/internal/fakes/fakes.go:487.29,489.3 1 0
github.com/NoTIPswe/notip-simulator-backend/internal/fakes/fakes.go:490.2,490.12 1 0
github.com/NoTIPswe/notip-simulator-backend/internal/fakes/fakes.go:500.138,501.29 1 0
github.com/NoTIPswe/notip-simulator-backend/internal/fakes/fakes.go:501.29,503.3 1 0
github.com/NoTIPswe/notip-simulator-backend/internal/fakes/fakes.go:504.2,504.12 1 0
github.com/NoTIPswe/notip-simulator-backend/internal/fakes/fakes.go:507.145,508.37 1 0
github.com/NoTIPswe/notip-simulator-backend/internal/fakes/fakes.go:508.37,510.3 1 0
github.com/NoTIPswe/notip-simulator-backend/internal/fakes/fakes.go:511.2,511.12 1 0
github.com/NoTIPswe/notip-simulator-backend/internal/fakes/fakes.go:514.118,515.36 1 0
github.com/NoTIPswe/notip-simulator-backend/internal/fakes/fakes.go:515.36,517.3 1 0
github.com/NoTIPswe/notip-simulator-backend/internal/fakes/fakes.go:518.2,518.12 1 0
github.com/NoTIPswe/notip-simulator-backend/internal/fakes/fakes.go:527.98,531.2 3 0
github.com/NoTIPswe/notip-simulator-backend/internal/generator/constant.go:11.64,16.2 2 1
github.com/NoTIPswe/notip-simulator-backend/internal/generator/constant.go:18.44,22.30 3 1
github.com/NoTIPswe/notip-simulator-backend/internal/generator/constant.go:22.30,26.3 3 1
github.com/NoTIPswe/notip-simulator-backend/internal/generator/constant.go:27.2,27.16 1 1
github.com/NoTIPswe/notip-simulator-backend/internal/generator/constant.go:30.58,35.2 3 1
github.com/NoTIPswe/notip-simulator-backend/internal/generator/factory.go:10.46,12.2 1 1
github.com/NoTIPswe/notip-simulator-backend/internal/generator/factory.go:14.87,15.26 1 1
github.com/NoTIPswe/notip-simulator-backend/internal/generator/factory.go:16.23,17.64 1 1
github.com/NoTIPswe/notip-simulator-backend/internal/generator/factory.go:18.23,19.77 1 1
github.com/NoTIPswe/notip-simulator-backend/internal/generator/factory.go:20.20,21.71 1 1
github.com/NoTIPswe/notip-simulator-backend/internal/generator/factory.go:22.28,23.14 1 1
github.com/NoTIPswe/notip-simulator-backend/internal/generator/factory.go:24.10,25.69 1 1
github.com/NoTIPswe/notip-simulator-backend/internal/generator/sine.go:21.89,22.17 1 1
github.com/NoTIPswe/notip-simulator-backend/internal/generator/sine.go:22.17,24.3 1 0
github.com/NoTIPswe/notip-simulator-backend/internal/generator/sine.go:25.2,31.3 1 1
github.com/NoTIPswe/notip-simulator-backend/internal/generator/sine.go:34.44,38.30 3 1
github.com/NoTIPswe/notip-simulator-backend/internal/generator/sine.go:38.30,42.3 3 0
github.com/NoTIPswe/notip-simulator-backend/internal/generator/sine.go:44.2,48.14 5 1
github.com/NoTIPswe/notip-simulator-backend/internal/generator/sine.go:51.58,55.2 3 0
github.com/NoTIPswe/notip-simulator-backend/internal/generator/spike.go:17.72,24.2 1 1
github.com/NoTIPswe/notip-simulator-backend/internal/generator/spike.go:26.41,30.30 3 0
github.com/NoTIPswe/notip-simulator-backend/internal/generator/spike.go:30.30,34.3 3 0
github.com/NoTIPswe/notip-simulator-backend/internal/generator/spike.go:36.2,36.39 1 0
github.com/NoTIPswe/notip-simulator-backend/internal/generator/spike.go:36.39,38.27 2 0
github.com/NoTIPswe/notip-simulator-backend/internal/generator/spike.go:38.27,40.4 1 0
github.com/NoTIPswe/notip-simulator-backend/internal/generator/spike.go:41.3,41.46 1 0
github.com/NoTIPswe/notip-simulator-backend/internal/generator/spike.go:44.2,44.60 1 0
github.com/NoTIPswe/notip-simulator-backend/internal/generator/spike.go:47.55,51.2 3 0
github.com/NoTIPswe/notip-simulator-backend/internal/generator/uniform.go:15.84,20.2 1 1
github.com/NoTIPswe/notip-simulator-backend/internal/generator/uniform.go:22.49,26.30 3 1
github.com/NoTIPswe/notip-simulator-backend/internal/generator/uniform.go:26.30,30.3 3 0
github.com/NoTIPswe/notip-simulator-backend/internal/generator/uniform.go:32.2,32.60 1 1
github.com/NoTIPswe/notip-simulator-backend/internal/generator/uniform.go:35.63,40.2 3 0
github.com/NoTIPswe/notip-simulator-backend/internal/health/handler.go:12.54,16.2 3 0
github.com/NoTIPswe/notip-simulator-backend/internal/metrics/metrics.go:20.28,55.2 1 1
github.com/NoTIPswe/notip-simulator-backend/internal/metrics/metrics.go:59.32,74.2 3 1
